//:kratos
//config:config
//config/env:env
//config/file:file
//encoding:encoding
//encoding/form:form
//encoding/json:json
//encoding/proto:proto
//encoding/protojson:protojson
//encoding/xml:xml
//encoding/yaml:yaml
//errors:errors
//internal/circuitbreaker:circuitbreaker
//internal/context:context
//internal/endpoint:endpoint
//internal/group:group
//internal/host:host
//internal/httputil:httputil
//internal/matcher:matcher
//internal/ratelimit:ratelimit
//internal/subset:subset
//internal/testdata/binding:binding
//internal/testdata/complex:complex
//internal/testdata/encoding:encoding
//internal/testdata/helloworld:helloworld
//log:log
//metadata:metadata
//middleware:middleware
//middleware/circuitbreaker:circuitbreaker
//middleware/logging:logging
//middleware/metadata:metadata
//middleware/ratelimit:ratelimit
//middleware/recovery:recovery
//middleware/selector:selector
//middleware/validate:validate
//registry:registry
//selector:selector
//selector/filter:filter
//selector/node/direct:direct
//selector/node/ewma:ewma
//selector/p2c:p2c
//selector/random:random
//selector/wrr:wrr
//transport:transport
//transport/grpc:grpc
//transport/grpc/resolver/direct:direct
//transport/grpc/resolver/discovery:discovery
//transport/http:http
//transport/http/pprof:pprof
//transport/http/status:status
