<root> (redis@0.0.0)
в”њв”Ђв”Ђв”Ђbazel_skylib@1.9.0 
в”‚   в”њв”Ђв”Ђв”Ђplatforms@1.1.0 (*) 
в”‚   в””в”Ђв”Ђв”Ђrules_license@1.0.0 
в”њв”Ђв”Ђв”Ђplatforms@1.1.0 
в”‚   в”њв”Ђв”Ђв”Ђrules_license@1.0.0 (*) 
в”‚   в””в”Ђв”Ђв”Ђpackage_metadata@0.0.3 
в”њв”Ђв”Ђв”Ђrules_cc@0.2.19 
в”‚   в”њв”Ђв”Ђв”Ђbazel_skylib@1.9.0 (*) 
в”‚   в”њв”Ђв”Ђв”Ђplatforms@1.1.0 (*) 
в”‚   в”њв”Ђв”Ђв”Ђbazel_features@1.47.0 
в”‚   в”‚   в””в”Ђв”Ђв”Ђbazel_skylib@1.9.0 (*) 
в”‚   в””в”Ђв”Ђв”Ђprotobuf@33.4 
в”‚       в”њв”Ђв”Ђв”Ђrules_cc@0.2.19 (cycle) 
в”‚       в”њв”Ђв”Ђв”Ђbazel_features@1.47.0 (*) 
в”‚       в”њв”Ђв”Ђв”Ђbazel_skylib@1.9.0 (*) 
в”‚       в”њв”Ђв”Ђв”Ђplatforms@1.1.0 (*) 
в”‚       в”њв”Ђв”Ђв”Ђrules_license@1.0.0 (*) 
в”‚       в”њв”Ђв”Ђв”Ђrules_python@1.7.0 (*) 
в”‚       в”њв”Ђв”Ђв”Ђrules_shell@0.6.1 (*) 
в”‚       в”њв”Ђв”Ђв”Ђabseil-cpp@20250814.1 
в”‚       в”‚   в”њв”Ђв”Ђв”Ђrules_cc@0.2.19 (cycle) 
в”‚       в”‚   в”њв”Ђв”Ђв”Ђbazel_skylib@1.9.0 (*) 
в”‚       в”‚   в”њв”Ђв”Ђв”Ђplatforms@1.1.0 (*) 
в”‚       в”‚   в””в”Ђв”Ђв”Ђgoogletest@1.17.0 
в”‚       в”‚       в”њв”Ђв”Ђв”Ђabseil-cpp@20250814.1 (cycle) 
в”‚       в”‚       в”њв”Ђв”Ђв”Ђplatforms@1.1.0 (*) 
в”‚       в”‚       в””в”Ђв”Ђв”Ђre2@2024-07-02.bcr.1 (*) 
в”‚       в”њв”Ђв”Ђв”Ђapple_support@1.24.2 
в”‚       в”‚   в”њв”Ђв”Ђв”Ђrules_cc@0.2.19 (cycle) 
в”‚       в”‚   в”њв”Ђв”Ђв”Ђbazel_features@1.47.0 (*) 
в”‚       в”‚   в”њв”Ђв”Ђв”Ђbazel_skylib@1.9.0 (*) 
в”‚       в”‚   в””в”Ђв”Ђв”Ђplatforms@1.1.0 (*) 
в”‚       в”њв”Ђв”Ђв”Ђjsoncpp@1.9.6 
в”‚       в”њв”Ђв”Ђв”Ђre2@2024-07-02.bcr.1 
в”‚       в”‚   в”њв”Ђв”Ђв”Ђrules_cc@0.2.19 (cycle) 
в”‚       в”‚   в”њв”Ђв”Ђв”Ђabseil-cpp@20250814.1 (*) 
в”‚       в”‚   в”њв”Ђв”Ђв”Ђapple_support@1.24.2 (*) 
в”‚       в”‚   в”њв”Ђв”Ђв”Ђplatforms@1.1.0 (*) 
в”‚       в”‚   в”њв”Ђв”Ђв”Ђrules_python@1.7.0 (*) 
в”‚       в”‚   в””в”Ђв”Ђв”Ђpybind11_bazel@2.12.0 
в”‚       в”‚       в”њв”Ђв”Ђв”Ђrules_cc@0.2.19 (cycle) 
в”‚       в”‚       в”њв”Ђв”Ђв”Ђbazel_skylib@1.9.0 (*) 
в”‚       в”‚       в”њв”Ђв”Ђв”Ђplatforms@1.1.0 (*) 
в”‚       в”‚       в””в”Ђв”Ђв”Ђrules_python@1.7.0 (*) 
в”‚       в”њв”Ђв”Ђв”Ђrules_apple@4.1.0 
в”‚       в”‚   в”њв”Ђв”Ђв”Ђrules_cc@0.2.19 (cycle) 
в”‚       в”‚   в”њв”Ђв”Ђв”Ђapple_support@1.24.2 (*) 
в”‚       в”‚   в”њв”Ђв”Ђв”Ђbazel_features@1.47.0 (*) 
в”‚       в”‚   в”њв”Ђв”Ђв”Ђbazel_skylib@1.9.0 (*) 
в”‚       в”‚   в”њв”Ђв”Ђв”Ђplatforms@1.1.0 (*) 
в”‚       в”‚   в”њв”Ђв”Ђв”Ђrules_python@1.7.0 (*) 
в”‚       в”‚   в”њв”Ђв”Ђв”Ђrules_shell@0.6.1 (*) 
в”‚       в”‚   в””в”Ђв”Ђв”Ђrules_swift@3.1.2 
в”‚       в”‚       в”њв”Ђв”Ђв”Ђprotobuf@33.4 (cycle) 
в”‚       в”‚       в”њв”Ђв”Ђв”Ђrules_cc@0.2.19 (cycle) 
в”‚       в”‚       в”њв”Ђв”Ђв”Ђapple_support@1.24.2 (*) 
в”‚       в”‚       в”њв”Ђв”Ђв”Ђbazel_features@1.47.0 (*) 
в”‚       в”‚       в”њв”Ђв”Ђв”Ђbazel_skylib@1.9.0 (*) 
в”‚       в”‚       в”њв”Ђв”Ђв”Ђplatforms@1.1.0 (*) 
в”‚       в”‚       в”њв”Ђв”Ђв”Ђrules_shell@0.6.1 (*) 
в”‚       в”‚       в”њв”Ђв”Ђв”Ђnlohmann_json@3.6.1 
в”‚       в”‚       в””в”Ђв”Ђв”Ђswift_argument_parser@1.3.1.2 
в”‚       в”‚           в”њв”Ђв”Ђв”Ђrules_swift@3.1.2 (cycle) 
в”‚       в”‚           в””в”Ђв”Ђв”Ђapple_support@1.24.2 (*) 
в”‚       в”њв”Ђв”Ђв”Ђrules_java@9.1.0 
в”‚       в”‚   в”њв”Ђв”Ђв”Ђprotobuf@33.4 (cycle) 
в”‚       в”‚   в”њв”Ђв”Ђв”Ђrules_cc@0.2.19 (cycle) 
в”‚       в”‚   в”њв”Ђв”Ђв”Ђabseil-cpp@20250814.1 (*) 
в”‚       в”‚   в”њв”Ђв”Ђв”Ђbazel_features@1.47.0 (*) 
в”‚       в”‚   в”њв”Ђв”Ђв”Ђbazel_skylib@1.9.0 (*) 
в”‚       в”‚   в”њв”Ђв”Ђв”Ђplatforms@1.1.0 (*) 
в”‚       в”‚   в”њв”Ђв”Ђв”Ђrules_license@1.0.0 (*) 
в”‚       в”‚   в””в”Ђв”Ђв”Ђzlib@1.3.1.bcr.5 (*) 
в”‚       в”њв”Ђв”Ђв”Ђrules_jvm_external@6.7 
в”‚       в”‚   в”њв”Ђв”Ђв”Ђbazel_features@1.47.0 (*) 
в”‚       в”‚   в”њв”Ђв”Ђв”Ђbazel_skylib@1.9.0 (*) 
в”‚       в”‚   в”њв”Ђв”Ђв”Ђplatforms@1.1.0 (*) 
в”‚       в”‚   в”њв”Ђв”Ђв”Ђrules_java@9.1.0 (*) 
в”‚       в”‚   в”њв”Ђв”Ђв”Ђrules_kotlin@1.9.6 (*) 
в”‚       в”‚   в”њв”Ђв”Ђв”Ђrules_license@1.0.0 (*) 
в”‚       в”‚   в”њв”Ђв”Ђв”Ђrules_shell@0.6.1 (*) 
в”‚       в”‚   в””в”Ђв”Ђв”Ђrules_android@0.1.1 
в”‚       в”њв”Ђв”Ђв”Ђrules_kotlin@1.9.6 
в”‚       в”‚   в”њв”Ђв”Ђв”Ђrules_cc@0.2.19 (cycle) 
в”‚       в”‚   в”њв”Ђв”Ђв”Ђbazel_skylib@1.9.0 (*) 
в”‚       в”‚   в”њв”Ђв”Ђв”Ђplatforms@1.1.0 (*) 
в”‚       в”‚   в”њв”Ђв”Ђв”Ђrules_java@9.1.0 (*) 
в”‚       в”‚   в”њв”Ђв”Ђв”Ђrules_proto@7.1.0 (*) 
в”‚       в”‚   в””в”Ђв”Ђв”Ђrules_python@1.7.0 (*) 
в”‚       в”њв”Ђв”Ђв”Ђrules_pkg@1.0.1 
в”‚       в”‚   в”њв”Ђв”Ђв”Ђbazel_skylib@1.9.0 (*) 
в”‚       в”‚   в”њв”Ђв”Ђв”Ђrules_license@1.0.0 (*) 
в”‚       в”‚   в””в”Ђв”Ђв”Ђrules_python@1.7.0 (*) 
в”‚       в”њв”Ђв”Ђв”Ђrules_proto@7.1.0 
в”‚       в”‚   в”њв”Ђв”Ђв”Ђprotobuf@33.4 (cycle) 
в”‚       в”‚   в”њв”Ђв”Ђв”Ђrules_cc@0.2.19 (cycle) 
в”‚       в”‚   в”њв”Ђв”Ђв”Ђbazel_skylib@1.9.0 (*) 
в”‚       в”‚   в””в”Ђв”Ђв”Ђrules_license@1.0.0 (*) 
в”‚       в””в”Ђв”Ђв”Ђzlib@1.3.1.bcr.5 
в”‚           в”њв”Ђв”Ђв”Ђrules_cc@0.2.19 (cycle) 
в”‚           в”њв”Ђв”Ђв”Ђplatforms@1.1.0 (*) 
в”‚           в””в”Ђв”Ђв”Ђrules_license@1.0.0 (*) 
в””в”Ђв”Ђв”Ђrules_foreign_cc@0.15.1 
    в”њв”Ђв”Ђв”Ђbazel_features@1.47.0 (*) 
    в”њв”Ђв”Ђв”Ђbazel_skylib@1.9.0 (*) 
    в”њв”Ђв”Ђв”Ђplatforms@1.1.0 (*) 
    в”њв”Ђв”Ђв”Ђrules_cc@0.2.19 (*) 
    в”њв”Ђв”Ђв”Ђrules_python@1.7.0 
    в”‚   в”њв”Ђв”Ђв”Ђbazel_features@1.47.0 (*) 
    в”‚   в”њв”Ђв”Ђв”Ђbazel_skylib@1.9.0 (*) 
    в”‚   в”њв”Ђв”Ђв”Ђplatforms@1.1.0 (*) 
    в”‚   в”њв”Ђв”Ђв”Ђprotobuf@33.4 (*) 
    в”‚   в”њв”Ђв”Ђв”Ђrules_cc@0.2.19 (*) 
    в”‚   в””в”Ђв”Ђв”Ђstardoc@0.7.2 
    в”‚       в”њв”Ђв”Ђв”Ђbazel_skylib@1.9.0 (*) 
    в”‚       в”њв”Ђв”Ђв”Ђprotobuf@33.4 (*) 
    в”‚       в”њв”Ђв”Ђв”Ђrules_java@9.1.0 (*) 
    в”‚       в”њв”Ђв”Ђв”Ђrules_jvm_external@6.7 (*) 
    в”‚       в””в”Ђв”Ђв”Ђrules_license@1.0.0 (*) 
    в””в”Ђв”Ђв”Ђrules_shell@0.6.1 
        в”њв”Ђв”Ђв”Ђbazel_features@1.47.0 (*) 
        в”њв”Ђв”Ђв”Ђbazel_skylib@1.9.0 (*) 
        в””в”Ђв”Ђв”Ђplatforms@1.1.0 (*) 

