INFO: Invocation ID: 4f4bf673-3137-4c30-a373-6ec471a87c44
INFO: Analyzed target //:gazelle (155 packages loaded, 11891 targets configured).
INFO: Found 1 target...
Target //:gazelle up-to-date:
  bazel-bin/gazelle-runner.bash
  bazel-bin/gazelle
INFO: Elapsed time: 6.460s, Critical Path: 0.19s
INFO: 1 process: 88 action cache hit, 1 internal.
INFO: Build completed successfully, 1 total action
INFO: Running command line: bazel-bin/gazelle
gazelle: Rules [nvim nvim_test] defined in /home/exedev/gazel-port/.cache/worktrees/neovim__neovim__cpp-gazelle-src/src/nvim are invalidating the 'cc_group directive' setting, their sources [arabic.c arabic.c.generated.h arabic.h arabic.h.generated.h arglist.c arglist.c.generated.h arglist.h arglist.h.generated.h arglist_defs.h ascii_defs.h ascii_defs.h.inline.generated.h assert_defs.h auevents_enum.generated.h auevents_name_map.generated.h autocmd.c autocmd.c.generated.h autocmd.h autocmd.h.generated.h autocmd_defs.h base64.c base64.c.generated.h base64.h base64.h.generated.h buffer.c buffer.c.generated.h buffer.h buffer.h.generated.h buffer.h.inline.generated.h buffer_defs.h buffer_updates.c buffer_updates.c.generated.h buffer_updates.h buffer_updates.h.generated.h bufwrite.c bufwrite.c.generated.h bufwrite.h bufwrite.h.generated.h change.c change.c.generated.h change.h change.h.generated.h channel.c channel.c.generated.h channel.h channel.h.generated.h channel.h.inline.generated.h channel_defs.h charset.c charset.c.generated.h charset.h charset.h.generated.h charset.h.inline.generated.h clipboard.c clipboard.c.generated.h clipboard.h clipboard.h.generated.h cmdexpand.c cmdexpand.c.generated.h cmdexpand.h cmdexpand.h.generated.h cmdexpand_defs.h cmdhist.c cmdhist.c.generated.h cmdhist.h cmdhist.h.generated.h context.c context.c.generated.h context.h context.h.generated.h cursor.c cursor.c.generated.h cursor.h cursor.h.generated.h cursor_shape.c cursor_shape.c.generated.h cursor_shape.h cursor_shape.h.generated.h debugger.c debugger.c.generated.h debugger.h debugger.h.generated.h decoration.c decoration.c.generated.h decoration.h decoration.h.generated.h decoration.h.inline.generated.h decoration_defs.h decoration_provider.c decoration_provider.c.generated.h decoration_provider.h decoration_provider.h.generated.h diff.c diff.c.generated.h diff.h diff.h.generated.h digraph.c digraph.c.generated.h digraph.h digraph.h.generated.h drawline.c drawline.c.generated.h drawline.h drawline.h.generated.h drawscreen.c drawscreen.c.generated.h drawscreen.h drawscreen.h.generated.h edit.c edit.c.generated.h edit.h edit.h.generated.h errors.h eval.c eval.c.generated.h eval.h eval.h.generated.h eval_defs.h ex_cmds.c ex_cmds.c.generated.h ex_cmds.h ex_cmds.h.generated.h ex_cmds2.c ex_cmds2.c.generated.h ex_cmds2.h ex_cmds2.h.generated.h ex_cmds_defs.generated.h ex_cmds_defs.h ex_cmds_enum.generated.h ex_docmd.c ex_docmd.c.generated.h ex_docmd.h ex_docmd.h.generated.h ex_eval.c ex_eval.c.generated.h ex_eval.h ex_eval.h.generated.h ex_eval_defs.h ex_getln.c ex_getln.c.generated.h ex_getln.h ex_getln.h.generated.h ex_getln_defs.h ex_session.c ex_session.c.generated.h ex_session.h ex_session.h.generated.h extmark.c extmark.c.generated.h extmark.h extmark.h.generated.h extmark_defs.h file_search.c file_search.c.generated.h file_search.h file_search.h.generated.h fileio.c fileio.c.generated.h fileio.h fileio.h.generated.h fold.c fold.c.generated.h fold.h fold.h.generated.h fold_defs.h func_attr.h funcs.generated.h fuzzy.c fuzzy.c.generated.h fuzzy.h fuzzy.h.generated.h garray.c garray.c.generated.h garray.h garray.h.generated.h garray_defs.h getchar.c getchar.c.generated.h getchar.h getchar.h.generated.h getchar_defs.h gettext_defs.h globals.h grid.c grid.c.generated.h grid.h grid.h.generated.h grid_defs.h hashtab.c hashtab.c.generated.h hashtab.h hashtab.h.generated.h hashtab_defs.h help.c help.c.generated.h help.h help.h.generated.h highlight.c highlight.c.generated.h highlight.h highlight.h.generated.h highlight_defs.h highlight_group.c highlight_group.c.generated.h highlight_group.h highlight_group.h.generated.h iconv_defs.h indent.c indent.c.generated.h indent.h indent.h.generated.h indent_c.c indent_c.c.generated.h indent_c.h indent_c.h.generated.h input.c input.c.generated.h input.h input.h.generated.h insexpand.c insexpand.c.generated.h insexpand.h insexpand.h.generated.h keycode_names.generated.h keycodes.c keycodes.c.generated.h keycodes.h keycodes.h.generated.h keysets_defs.generated.h linematch.c linematch.c.generated.h linematch.h linematch.h.generated.h log.c log.c.generated.h log.h log.h.generated.h lua_api_c_bindings.generated.h macros_defs.h main.c.generated.h main.h main.h.generated.h map.c map_defs.h map_glyph_cache.c map_key_impl.c.h map_value_impl.c.h mapping.c mapping.c.generated.h mapping.h mapping.h.generated.h mapping_defs.h mark.c mark.c.generated.h mark.h mark.h.generated.h mark.h.inline.generated.h mark_defs.h mark_defs.h.inline.generated.h marktree.c marktree.c.generated.h marktree.h marktree.h.generated.h marktree_defs.h match.c match.c.generated.h match.h match.h.generated.h math.c math.c.generated.h math.h math.h.generated.h mbyte.c mbyte.c.generated.h mbyte.h mbyte.h.generated.h mbyte.h.inline.generated.h mbyte_defs.h memfile.c memfile.c.generated.h memfile.h memfile.h.generated.h memfile_defs.h memline.c memline.c.generated.h memline.h memline.h.generated.h memline_defs.h memory.c memory.c.generated.h memory.h memory.h.generated.h memory_defs.h menu.c menu.c.generated.h menu.h menu.h.generated.h menu_defs.h message.c message.c.generated.h message.h message.h.generated.h message_defs.h mouse.c mouse.c.generated.h mouse.h mouse.h.generated.h move.c move.c.generated.h move.h move.h.generated.h normal.c normal.c.generated.h normal.h normal.h.generated.h normal_defs.h ops.c ops.c.generated.h ops.h ops.h.generated.h ops.h.inline.generated.h option.c option.c.generated.h option.h option.h.generated.h option_defs.h option_vars.generated.h option_vars.h options.generated.h options_enum.generated.h options_map.generated.h optionstr.c optionstr.c.generated.h optionstr.h optionstr.h.generated.h path.c path.c.generated.h path.h path.h.generated.h plines.c plines.c.generated.h plines.h plines.h.generated.h plines.h.inline.generated.h popupmenu.c popupmenu.c.generated.h popupmenu.h popupmenu.h.generated.h pos_defs.h profile.c profile.c.generated.h profile.h profile.h.generated.h quickfix.c quickfix.c.generated.h quickfix.h quickfix.h.generated.h regexp.c regexp.c.generated.h regexp.h regexp.h.generated.h regexp_defs.h register.c register.c.generated.h register.h register.h.generated.h register.h.inline.generated.h register_defs.h runtime.c runtime.c.generated.h runtime.h runtime.h.generated.h runtime_defs.h search.c search.c.generated.h search.h search.h.generated.h sha256.c sha256.c.generated.h sha256.h sha256.h.generated.h shada.c shada.c.generated.h shada.h shada.h.generated.h sign.c sign.c.generated.h sign.h sign.h.generated.h sign_defs.h spell.c spell.c.generated.h spell.h spell.h.generated.h spell_defs.h spellfile.c spellfile.c.generated.h spellfile.h spellfile.h.generated.h spellsuggest.c spellsuggest.c.generated.h spellsuggest.h spellsuggest.h.generated.h state.c state.c.generated.h state.h state.h.generated.h state_defs.h statusline.c statusline.h statusline.h.generated.h statusline_defs.h strings.c strings.c.generated.h strings.h strings.h.generated.h strings.h.inline.generated.h syntax.c syntax.c.generated.h syntax.h syntax.h.generated.h syntax_defs.h tag.c tag.c.generated.h tag.h tag.h.generated.h terminal.c terminal.c.generated.h terminal.h terminal.h.generated.h testing.c.generated.h testing.h testing.h.generated.h textformat.c textformat.c.generated.h textformat.h textformat.h.generated.h textobject.c textobject.c.generated.h textobject.h textobject.h.generated.h types_defs.h ui.c ui.c.generated.h ui.h ui.h.generated.h ui_client.c ui_client.c.generated.h ui_client.h ui_client.h.generated.h ui_compositor.c ui_compositor.c.generated.h ui_compositor.h ui_compositor.h.generated.h ui_defs.h ui_events_call.generated.h ui_events_call.h.generated.h ui_events_client.generated.h ui_events_client.h.generated.h ui_events_remote.generated.h ui_events_remote.h.generated.h undo.c undo.c.generated.h undo.h undo.h.generated.h undo_defs.h usercmd.c usercmd.c.generated.h usercmd.h usercmd.h.generated.h version.c version.c.generated.h version.h version.h.generated.h vim_defs.h window.c window.c.generated.h window.h window.h.generated.h winfloat.c winfloat.c.generated.h winfloat.h winfloat.h.generated.h] would be merged into a single rule 'nvim'. To prevent automatic merging of rules set `# gazelle:cc_group_unit_cycles warn`
gazelle: @neovim//src/cjson: header file found in external library not declared in MODULE.bazel - '#include "lua.h"' at src/cjson/lua_cjson.h:4 resolved to @lua//:liblua, but 'bazel_dep(name = "lua")' is missing
gazelle: @neovim//src/nvim/api/private: could not find a library providing header - '#include "api/private/converter.h.generated.h"' at src/nvim/api/private/converter.h:6
gazelle: @neovim//src/nvim/api/private: could not find a library providing header - '#include "api/private/defs.h.inline.generated.h"' at src/nvim/api/private/defs.h:28
gazelle: @neovim//src/nvim/api/private: could not find a library providing header - '#include "api/private/dispatch.h.generated.h"' at src/nvim/api/private/dispatch.h:27
gazelle: @neovim//src/nvim/api/private: could not find a library providing header - '#include "api/private/dispatch_wrappers.h.generated.h"' at src/nvim/api/private/dispatch.h:28
gazelle: @neovim//src/nvim/api/private: could not find a library providing header - '#include "keysets_defs.generated.h"' at src/nvim/api/private/dispatch.h:29
gazelle: @neovim//src/nvim/api/private: could not find a library providing header - '#include "api/private/helpers.h.generated.h"' at src/nvim/api/private/helpers.h:184
gazelle: @neovim//src/nvim/api/private: could not find a library providing header - '#include "api/private/validate.h.generated.h"' at src/nvim/api/private/validate.h:108
gazelle: @neovim//src/nvim/api/private: could not find a library providing header - '#include "api/private/converter.c.generated.h"' at src/nvim/api/private/converter.c:29
gazelle: @neovim//src/nvim/api/private: could not find a library providing header - '#include "api/private/dispatch_wrappers.generated.h"' at src/nvim/api/private/dispatch.c:7
gazelle: @neovim//src/nvim/api/private: could not find a library providing header - '#include "api/private/api_metadata.generated.h"' at src/nvim/api/private/helpers.c:36
gazelle: @neovim//src/nvim/api/private: could not find a library providing header - '#include "api/private/helpers.c.generated.h"' at src/nvim/api/private/helpers.c:37
gazelle: @neovim//src/nvim/api: could not find a library providing header - '#include "api/autocmd.h.generated.h"' at src/nvim/api/autocmd.h:8
gazelle: @neovim//src/nvim/api: could not find a library providing header - '#include "api/buffer.h.generated.h"' at src/nvim/api/buffer.h:11
gazelle: @neovim//src/nvim/api: could not find a library providing header - '#include "api/command.h.generated.h"' at src/nvim/api/command.h:8
gazelle: @neovim//src/nvim/api: could not find a library providing header - '#include "api/deprecated.h.generated.h"' at src/nvim/api/deprecated.h:8
gazelle: @neovim//src/nvim/api: could not find a library providing header - '#include "api/events.h.generated.h"' at src/nvim/api/events.h:8
gazelle: @neovim//src/nvim/api: could not find a library providing header - '#include "api/extmark.h.generated.h"' at src/nvim/api/extmark.h:31
gazelle: @neovim//src/nvim/api: could not find a library providing header - '#include "api/options.h.generated.h"' at src/nvim/api/options.h:9
gazelle: @neovim//src/nvim/api: could not find a library providing header - '#include "api/tabpage.h.generated.h"' at src/nvim/api/tabpage.h:6
gazelle: @neovim//src/nvim/api: could not find a library providing header - '#include "api/ui.h.generated.h"' at src/nvim/api/ui.h:25
gazelle: @neovim//src/nvim/api: could not find a library providing header - '#include "ui_events_remote.h.generated.h"' at src/nvim/api/ui.h:26
gazelle: @neovim//src/nvim/api: could not find a library providing header - '#include "api/vim.h.generated.h"' at src/nvim/api/vim.h:8
gazelle: @neovim//src/nvim/api: could not find a library providing header - '#include "api/vimscript.h.generated.h"' at src/nvim/api/vimscript.h:8
gazelle: @neovim//src/nvim/api: could not find a library providing header - '#include "api/win_config.h.generated.h"' at src/nvim/api/win_config.h:9
gazelle: @neovim//src/nvim/api: could not find a library providing header - '#include "api/window.h.generated.h"' at src/nvim/api/window.h:8
gazelle: @neovim//src/nvim/api: could not find a library providing header - '#include "api/autocmd.c.generated.h"' at src/nvim/api/autocmd.c:31
gazelle: @neovim//src/nvim/api: could not find a library providing header - '#include "api/buffer.c.generated.h"' at src/nvim/api/buffer.c:49
gazelle: @neovim//src/nvim/api: could not find a library providing header - '#include "api/command.c.generated.h"' at src/nvim/api/command.c:40
gazelle: @neovim//src/nvim/api: could not find a library providing header - '#include "api/deprecated.c.generated.h"' at src/nvim/api/deprecated.c:35
gazelle: @neovim//src/nvim/api: could not find a library providing header - '#include "api/extmark.c.generated.h"' at src/nvim/api/extmark.c:35
gazelle: @neovim//src/nvim/api: could not find a library providing header - '#include "api/options.c.generated.h"' at src/nvim/api/options.c:25
gazelle: @neovim//src/nvim/api: could not find a library providing header - '#include "api/tabpage.c.generated.h"' at src/nvim/api/tabpage.c:19
gazelle: @neovim//src/nvim/api: could not find a library providing header - '#include "api/ui.c.generated.h"' at src/nvim/api/ui.c:45
gazelle: @neovim//src/nvim/api: could not find a library providing header - '#include "ui_events_remote.generated.h"' at src/nvim/api/ui.c:46
gazelle: @neovim//src/nvim/api: could not find a library providing header - '#include "api/vim.c.generated.h"' at src/nvim/api/vim.c:90
gazelle: @neovim//src/nvim/api: could not find a library providing header - '#include "api/vimscript.c.generated.h"' at src/nvim/api/vimscript.c:33
gazelle: @neovim//src/nvim/api: could not find a library providing header - '#include "api/win_config.c.generated.h"' at src/nvim/api/win_config.c:45
gazelle: @neovim//src/nvim/api: could not find a library providing header - '#include "api/window.c.generated.h"' at src/nvim/api/window.c:30
gazelle: @neovim//src/nvim/eval: could not find a library providing header - '#include "eval/buffer.h.generated.h"' at src/nvim/eval/buffer.h:7
gazelle: @neovim//src/nvim/eval: could not find a library providing header - '#include "eval/decode.h.generated.h"' at src/nvim/eval/decode.h:9
gazelle: @neovim//src/nvim/eval: could not find a library providing header - '#include "eval/deprecated.h.generated.h"' at src/nvim/eval/deprecated.h:6
gazelle: @neovim//src/nvim/eval: could not find a library providing header - '#include "eval/encode.h.generated.h"' at src/nvim/eval/encode.h:54
gazelle: @neovim//src/nvim/eval: could not find a library providing header - '#include "eval/executor.h.generated.h"' at src/nvim/eval/executor.h:5
gazelle: @neovim//src/nvim/eval: could not find a library providing header - '#include "eval/fs.h.generated.h"' at src/nvim/eval/fs.h:6
gazelle: @neovim//src/nvim/eval: could not find a library providing header - '#include "eval/funcs.h.generated.h"' at src/nvim/eval/funcs.h:31
gazelle: @neovim//src/nvim/eval: could not find a library providing header - '#include "eval/gc.h.generated.h"' at src/nvim/eval/gc.h:5
gazelle: @neovim//src/nvim/eval: could not find a library providing header - '#include "eval/list.h.generated.h"' at src/nvim/eval/list.h:5
gazelle: @neovim//src/nvim/eval: could not find a library providing header - '#include "eval/typval.h.inline.generated.h"' at src/nvim/eval/typval.h:18
gazelle: @neovim//src/nvim/eval: could not find a library providing header - '#include "eval/typval.h.generated.h"' at src/nvim/eval/typval.h:449
gazelle: @neovim//src/nvim/eval: could not find a library providing header - '#include "eval/typval_encode.h.inline.generated.h"' at src/nvim/eval/typval_encode.h:15
gazelle: @neovim//src/nvim/eval: could not find a library providing header - '#include "eval/userfunc.h.generated.h"' at src/nvim/eval/userfunc.h:93
gazelle: @neovim//src/nvim/eval: could not find a library providing header - '#include "eval/vars.h.generated.h"' at src/nvim/eval/vars.h:15
gazelle: @neovim//src/nvim/eval: could not find a library providing header - '#include "eval/window.h.generated.h"' at src/nvim/eval/window.h:30
gazelle: @neovim//src/nvim/eval: could not find a library providing header - '#include "eval/buffer.c.generated.h"' at src/nvim/eval/buffer.c:44
gazelle: @neovim//src/nvim/eval: could not find a library providing header - '#include "eval/decode.c.generated.h"' at src/nvim/eval/decode.c:55
gazelle: @neovim//src/nvim/eval: could not find a library providing header - '#include "eval/deprecated.c.generated.h"' at src/nvim/eval/deprecated.c:17
gazelle: @neovim//src/nvim/eval: could not find a library providing header - '#include "eval/encode.c.generated.h"' at src/nvim/eval/encode.c:45
gazelle: @neovim//src/nvim/eval: could not find a library providing header - '#include "eval/executor.c.generated.h"' at src/nvim/eval/executor.c:16
gazelle: @neovim//src/nvim/eval: could not find a library providing header - '#include "eval/fs.c.generated.h"' at src/nvim/eval/fs.c:51
gazelle: @neovim//src/nvim/eval: header file found in external library not declared in MODULE.bazel - '#include <uv.h>' at src/nvim/eval/funcs.c:13 resolved to @libuv, but 'bazel_dep(name = "libuv")' is missing
gazelle: @neovim//src/nvim/eval: could not find a library providing header - '#include "eval/funcs.c.generated.h"' at src/nvim/eval/funcs.c:145
gazelle: @neovim//src/nvim/eval: could not find a library providing header - '#include "funcs.generated.h"' at src/nvim/eval/funcs.c:156
gazelle: @neovim//src/nvim/eval: could not find a library providing header - '#include "eval/gc.c.generated.h"' at src/nvim/eval/gc.c:5
gazelle: @neovim//src/nvim/eval: could not find a library providing header - '#include "eval/list.c.generated.h"' at src/nvim/eval/list.c:23
gazelle: @neovim//src/nvim/eval: could not find a library providing header - '#include "eval/typval.c.generated.h"' at src/nvim/eval/typval.c:72
gazelle: @neovim//src/nvim/eval: could not find a library providing header - '#include "eval/userfunc.c.generated.h"' at src/nvim/eval/userfunc.c:59
gazelle: @neovim//src/nvim/eval: could not find a library providing header - '#include "eval/vars.c.generated.h"' at src/nvim/eval/vars.c:55
gazelle: @neovim//src/nvim/eval: could not find a library providing header - '#include "eval/window.c.generated.h"' at src/nvim/eval/window.c:37
gazelle: @neovim//src/nvim/event: could not find a library providing header - '#include "event/libuv_proc.h.generated.h"' at src/nvim/event/libuv_proc.h:14
gazelle: @neovim//src/nvim/event: could not find a library providing header - '#include "event/loop.h.generated.h"' at src/nvim/event/loop.h:40
gazelle: @neovim//src/nvim/event: could not find a library providing header - '#include "event/multiqueue.h.generated.h"' at src/nvim/event/multiqueue.h:8
gazelle: @neovim//src/nvim/event: could not find a library providing header - '#include "event/proc.h.generated.h"' at src/nvim/event/proc.h:49
gazelle: @neovim//src/nvim/event: could not find a library providing header - '#include "event/rstream.h.generated.h"' at src/nvim/event/rstream.h:6
gazelle: @neovim//src/nvim/event: could not find a library providing header - '#include "event/signal.h.generated.h"' at src/nvim/event/signal.h:6
gazelle: @neovim//src/nvim/event: could not find a library providing header - '#include "event/socket.h.generated.h"' at src/nvim/event/socket.h:6
gazelle: @neovim//src/nvim/event: could not find a library providing header - '#include "event/stream.h.generated.h"' at src/nvim/event/stream.h:6
gazelle: @neovim//src/nvim/event: could not find a library providing header - '#include "event/time.h.generated.h"' at src/nvim/event/time.h:6
gazelle: @neovim//src/nvim/event: could not find a library providing header - '#include "event/wstream.h.generated.h"' at src/nvim/event/wstream.h:6
gazelle: @neovim//src/nvim/event: could not find a library providing header - '#include "event/libuv_proc.c.generated.h"' at src/nvim/event/libuv_proc.c:18
gazelle: @neovim//src/nvim/event: could not find a library providing header - '#include "event/loop.c.generated.h"' at src/nvim/event/loop.c:13
gazelle: @neovim//src/nvim/event: could not find a library providing header - '#include "event/multiqueue.c.generated.h"' at src/nvim/event/multiqueue.c:81
gazelle: @neovim//src/nvim/event: could not find a library providing header - '#include "event/proc.c.generated.h"' at src/nvim/event/proc.c:25
gazelle: @neovim//src/nvim/event: could not find a library providing header - '#include "event/rstream.c.generated.h"' at src/nvim/event/rstream.c:16
gazelle: @neovim//src/nvim/event: could not find a library providing header - '#include "event/signal.c.generated.h"' at src/nvim/event/signal.c:10
gazelle: @neovim//src/nvim/event: could not find a library providing header - '#include "event/socket.c.generated.h"' at src/nvim/event/socket.c:24
gazelle: @neovim//src/nvim/event: could not find a library providing header - '#include "event/stream.c.generated.h"' at src/nvim/event/stream.c:17
gazelle: @neovim//src/nvim/event: could not find a library providing header - '#include "event/time.c.generated.h"' at src/nvim/event/time.c:11
gazelle: @neovim//src/nvim/event: could not find a library providing header - '#include "event/wstream.c.generated.h"' at src/nvim/event/wstream.c:21
gazelle: @neovim//src/nvim/lib: could not find a library providing header - '#include "lib/queue_defs.h.inline.generated.h"' at src/nvim/lib/queue_defs.h:29
gazelle: @neovim//src/nvim/lua: could not find a library providing header - '#include "lua/base64.h.generated.h"' at src/nvim/lua/base64.h:5
gazelle: @neovim//src/nvim/lua: could not find a library providing header - '#include "lua/converter.h.generated.h"' at src/nvim/lua/converter.h:22
gazelle: @neovim//src/nvim/lua: could not find a library providing header - '#include "lua/executor.h.generated.h"' at src/nvim/lua/executor.h:55
gazelle: @neovim//src/nvim/lua: could not find a library providing header - '#include "lua/secure.h.generated.h"' at src/nvim/lua/secure.h:5
gazelle: @neovim//src/nvim/lua: could not find a library providing header - '#include "lua/spell.h.generated.h"' at src/nvim/lua/spell.h:5
gazelle: @neovim//src/nvim/lua: could not find a library providing header - '#include "lua/stdlib.h.generated.h"' at src/nvim/lua/stdlib.h:6
gazelle: @neovim//src/nvim/lua: could not find a library providing header - '#include "lua/treesitter.h.generated.h"' at src/nvim/lua/treesitter.h:9
gazelle: @neovim//src/nvim/lua: could not find a library providing header - '#include "lua/xdiff.h.generated.h"' at src/nvim/lua/xdiff.h:5
gazelle: @neovim//src/nvim/lua: could not find a library providing header - '#include "lua_api_c_bindings.generated.h"' at src/nvim/lua/api_wrappers.c:17
gazelle: @neovim//src/nvim/lua: could not find a library providing header - '#include "lua/base64.c.generated.h"' at src/nvim/lua/base64.c:10
gazelle: @neovim//src/nvim/lua: could not find a library providing header - '#include "lua/converter.c.generated.h"' at src/nvim/lua/converter.c:42
gazelle: @neovim//src/nvim/lua: could not find a library providing header - '#include "luv/luv.h"' at src/nvim/lua/executor.c:15
gazelle: @neovim//src/nvim/lua: could not find a library providing header - '#include "lua/executor.c.generated.h"' at src/nvim/lua/executor.c:102
gazelle: @neovim//src/nvim/lua: could not find a library providing header - '#include "lua/vim_module.generated.h"' at src/nvim/lua/executor.c:103
gazelle: @neovim//src/nvim/lua: could not find a library providing header - '#include "lua/secure.c.generated.h"' at src/nvim/lua/secure.c:15
gazelle: @neovim//src/nvim/lua: could not find a library providing header - '#include "lua/spell.c.generated.h"' at src/nvim/lua/spell.c:18
gazelle: @neovim//src/nvim/lua: could not find a library providing header - '#include "lua/stdlib.c.generated.h"' at src/nvim/lua/stdlib.c:51
gazelle: @neovim//src/nvim/lua: could not find a library providing header - '#include "lua/treesitter.c.generated.h"' at src/nvim/lua/treesitter.c:62
gazelle: @neovim//src/nvim/lua: could not find a library providing header - '#include "lua/xdiff.c.generated.h"' at src/nvim/lua/xdiff.c:40
gazelle: @neovim//src/nvim/msgpack_rpc: could not find a library providing header - '#include "msgpack_rpc/channel.h.generated.h"' at src/nvim/msgpack_rpc/channel.h:18
gazelle: @neovim//src/nvim/msgpack_rpc: could not find a library providing header - '#include "msgpack_rpc/packer.h.generated.h"' at src/nvim/msgpack_rpc/packer.h:79
gazelle: @neovim//src/nvim/msgpack_rpc: could not find a library providing header - '#include "msgpack_rpc/server.h.generated.h"' at src/nvim/msgpack_rpc/server.h:6
gazelle: @neovim//src/nvim/msgpack_rpc: could not find a library providing header - '#include "msgpack_rpc/unpacker.h.generated.h"' at src/nvim/msgpack_rpc/unpacker.h:51
gazelle: @neovim//src/nvim/msgpack_rpc: could not find a library providing header - '#include "msgpack_rpc/channel.c.generated.h"' at src/nvim/msgpack_rpc/channel.c:36
gazelle: @neovim//src/nvim/msgpack_rpc: could not find a library providing header - '#include "msgpack_rpc/packer.c.generated.h"' at src/nvim/msgpack_rpc/packer.c:16
gazelle: @neovim//src/nvim/msgpack_rpc: could not find a library providing header - '#include "msgpack_rpc/server.c.generated.h"' at src/nvim/msgpack_rpc/server.c:30
gazelle: @neovim//src/nvim/msgpack_rpc: could not find a library providing header - '#include "msgpack_rpc/unpacker.c.generated.h"' at src/nvim/msgpack_rpc/unpacker.c:18
gazelle: @neovim//src/nvim/os: could not find a library providing header - '#include "os/dl.h.generated.h"' at src/nvim/os/dl.h:5
gazelle: @neovim//src/nvim/os: could not find a library providing header - '#include "os/fileio.h.generated.h"' at src/nvim/os/fileio.h:41
gazelle: @neovim//src/nvim/os: could not find a library providing header - '#include "os/fileio_defs.h.inline.generated.h"' at src/nvim/os/fileio_defs.h:18
gazelle: @neovim//src/nvim/os: could not find a library providing header - '#include "os/fs.h.generated.h"' at src/nvim/os/fs.h:11
gazelle: @neovim//src/nvim/os: could not find a library providing header - '#include "os/input.h.generated.h"' at src/nvim/os/input.h:12
gazelle: @neovim//src/nvim/os: could not find a library providing header - '#include "os/lang.h.generated.h"' at src/nvim/os/lang.h:7
gazelle: @neovim//src/nvim/os: could not find a library providing header - '#include "os/env.h.generated.h"' at src/nvim/os/os.h:21
gazelle: @neovim//src/nvim/os: could not find a library providing header - '#include "os/mem.h.generated.h"' at src/nvim/os/os.h:22
gazelle: @neovim//src/nvim/os: could not find a library providing header - '#include "os/stdpaths.h.generated.h"' at src/nvim/os/os.h:23
gazelle: @neovim//src/nvim/os: could not find a library providing header - '#include "os/users.h.generated.h"' at src/nvim/os/os.h:24
gazelle: @neovim//src/nvim/os: could not find a library providing header - '#include "os/os_win_console.h.generated.h"' at src/nvim/os/os_win_console.h:3
gazelle: @neovim//src/nvim/os: could not find a library providing header - '#include "os/proc.h.generated.h"' at src/nvim/os/proc.h:7
gazelle: @neovim//src/nvim/os: could not find a library providing header - '#include "os/pty_conpty_win.h.generated.h"' at src/nvim/os/pty_conpty_win.h:20
gazelle: @neovim//src/nvim/os: could not find a library providing header - '#include "os/pty_proc_unix.h.generated.h"' at src/nvim/os/pty_proc_unix.h:16
gazelle: @neovim//src/nvim/os: could not find a library providing header - '#include "os/pty_proc_win.h.generated.h"' at src/nvim/os/pty_proc_win.h:24
gazelle: @neovim//src/nvim/os: could not find a library providing header - '#include "os/shell.h.generated.h"' at src/nvim/os/shell.h:16
gazelle: @neovim//src/nvim/os: could not find a library providing header - '#include "os/signal.h.generated.h"' at src/nvim/os/signal.h:3
gazelle: @neovim//src/nvim/os: could not find a library providing header - '#include "os/time.h.generated.h"' at src/nvim/os/time.h:9
gazelle: @neovim//src/nvim/os: could not find a library providing header - '#include "auto/pathdef.h"' at src/nvim/os/env.c:57
gazelle: @neovim//src/nvim/os: could not find a library providing header - '#include "os/env.c.generated.h"' at src/nvim/os/env.c:59
gazelle: @neovim//src/nvim/os: could not find a library providing header - '#include "os/fileio.c.generated.h"' at src/nvim/os/fileio.c:27
gazelle: @neovim//src/nvim/os: could not find a library providing header - '#include "os/fs.c.generated.h"' at src/nvim/os/fs.c:64
gazelle: @neovim//src/nvim/os: could not find a library providing header - '#include "os/input.c.generated.h"' at src/nvim/os/input.c:51
gazelle: @neovim//src/nvim/os: could not find a library providing header - '#include "os/lang.c.generated.h"' at src/nvim/os/lang.c:35
gazelle: @neovim//src/nvim/os: could not find a library providing header - '#include "os/os_win_console.c.generated.h"' at src/nvim/os/os_win_console.c:10
gazelle: @neovim//src/nvim/os: could not find a library providing header - '#include "os/proc.c.generated.h"' at src/nvim/os/proc.c:48
gazelle: @neovim//src/nvim/os: could not find a library providing header - '#include "os/pty_proc_unix.c.generated.h"' at src/nvim/os/pty_proc_unix.c:51
gazelle: @neovim//src/nvim/os: could not find a library providing header - '#include "os/pty_proc_win.c.generated.h"' at src/nvim/os/pty_proc_win.c:17
gazelle: @neovim//src/nvim/os: could not find a library providing header - '#include "os/shell.c.generated.h"' at src/nvim/os/shell.c:57
gazelle: @neovim//src/nvim/os: could not find a library providing header - '#include "os/signal.c.generated.h"' at src/nvim/os/signal.c:37
gazelle: @neovim//src/nvim/os: could not find a library providing header - '#include "os/stdpaths.c.generated.h"' at src/nvim/os/stdpaths.c:17
gazelle: @neovim//src/nvim/os: could not find a library providing header - '#include "os/time.c.generated.h"' at src/nvim/os/time.c:21
gazelle: @neovim//src/nvim/os: could not find a library providing header - '#include "os/users.c.generated.h"' at src/nvim/os/users.c:27
gazelle: @neovim//src/nvim/tui/termkey: could not find a library providing header - '#include "tui/termkey/driver-csi.h.generated.h"' at src/nvim/tui/termkey/driver-csi.h:5
gazelle: @neovim//src/nvim/tui/termkey: could not find a library providing header - '#include "tui/termkey/driver-ti.h.generated.h"' at src/nvim/tui/termkey/driver-ti.h:5
gazelle: @neovim//src/nvim/tui/termkey: could not find a library providing header - '#include "tui/termkey/termkey.h.generated.h"' at src/nvim/tui/termkey/termkey.h:8
gazelle: @neovim//src/nvim/tui/termkey: could not find a library providing header - '#include "tui/termkey/driver-csi.c.generated.h"' at src/nvim/tui/termkey/driver-csi.c:10
gazelle: @neovim//src/nvim/tui/termkey: could not find a library providing header - '#include "tui/termkey/driver-ti.c.generated.h"' at src/nvim/tui/termkey/driver-ti.c:22
gazelle: @neovim//src/nvim/tui/termkey: could not find a library providing header - '#include "tui/termkey/termkey.c.generated.h"' at src/nvim/tui/termkey/termkey.c:24
gazelle: @neovim//src/nvim/tui: could not find a library providing header - '#include "tui/input.h.generated.h"' at src/nvim/tui/input.h:47
gazelle: @neovim//src/nvim/tui: could not find a library providing header - '#include "tui/terminfo.h.generated.h"' at src/nvim/tui/terminfo.h:11
gazelle: @neovim//src/nvim/tui: could not find a library providing header - '#include "tui/tui.h.generated.h"' at src/nvim/tui/tui.h:7
gazelle: @neovim//src/nvim/tui: could not find a library providing header - '#include "tui/ugrid.h.generated.h"' at src/nvim/tui/ugrid.h:26
gazelle: @neovim//src/nvim/tui: could not find a library providing header - '#include "tui/input.c.generated.h"' at src/nvim/tui/input.c:124
gazelle: @neovim//src/nvim/tui: could not find a library providing header - '#include "tui/terminfo.c.generated.h"' at src/nvim/tui/terminfo.c:29
gazelle: @neovim//src/nvim/tui: could not find a library providing header - '#include "tui/tui.c.generated.h"' at src/nvim/tui/tui.c:155
gazelle: @neovim//src/nvim/tui: could not find a library providing header - '#include "tui/ugrid.c.generated.h"' at src/nvim/tui/ugrid.c:8
gazelle: @neovim//src/nvim/viml/parser: could not find a library providing header - '#include "viml/parser/expressions.h.generated.h"' at src/nvim/viml/parser/expressions.h:384
gazelle: @neovim//src/nvim/viml/parser: could not find a library providing header - '#include "viml/parser/parser.h.generated.h"' at src/nvim/viml/parser/parser.h:11
gazelle: @neovim//src/nvim/viml/parser: could not find a library providing header - '#include "viml/parser/parser.h.inline.generated.h"' at src/nvim/viml/parser/parser.h:12
gazelle: @neovim//src/nvim/viml/parser: could not find a library providing header - '#include "viml/parser/expressions.c.generated.h"' at src/nvim/viml/parser/expressions.c:131
gazelle: @neovim//src/nvim/viml/parser: could not find a library providing header - '#include "viml/parser/parser.c.generated.h"' at src/nvim/viml/parser/parser.c:6
gazelle: @neovim//src/nvim/vterm: could not find a library providing header - '#include "vterm/encoding.h.generated.h"' at src/nvim/vterm/encoding.h:8
gazelle: @neovim//src/nvim/vterm: could not find a library providing header - '#include "vterm/keyboard.h.generated.h"' at src/nvim/vterm/keyboard.h:8
gazelle: @neovim//src/nvim/vterm: could not find a library providing header - '#include "vterm/mouse.h.generated.h"' at src/nvim/vterm/mouse.h:8
gazelle: @neovim//src/nvim/vterm: could not find a library providing header - '#include "vterm/parser.h.generated.h"' at src/nvim/vterm/parser.h:7
gazelle: @neovim//src/nvim/vterm: could not find a library providing header - '#include "vterm/pen.h.generated.h"' at src/nvim/vterm/pen.h:7
gazelle: @neovim//src/nvim/vterm: could not find a library providing header - '#include "vterm/screen.h.generated.h"' at src/nvim/vterm/screen.h:7
gazelle: @neovim//src/nvim/vterm: could not find a library providing header - '#include "vterm/state.h.generated.h"' at src/nvim/vterm/state.h:5
gazelle: @neovim//src/nvim/vterm: could not find a library providing header - '#include "vterm/vterm.h.generated.h"' at src/nvim/vterm/vterm.h:13
gazelle: @neovim//src/nvim/vterm: could not find a library providing header - '#include "vterm/encoding.c.generated.h"' at src/nvim/vterm/encoding.c:4
gazelle: @neovim//src/nvim/vterm: could not find a library providing header - '#include "vterm/keyboard.c.generated.h"' at src/nvim/vterm/keyboard.c:9
gazelle: @neovim//src/nvim/vterm: could not find a library providing header - '#include "vterm/mouse.c.generated.h"' at src/nvim/vterm/mouse.c:7
gazelle: @neovim//src/nvim/vterm: could not find a library providing header - '#include "vterm/parser.c.generated.h"' at src/nvim/vterm/parser.c:9
gazelle: @neovim//src/nvim/vterm: could not find a library providing header - '#include "vterm/pen.c.generated.h"' at src/nvim/vterm/pen.c:7
gazelle: @neovim//src/nvim/vterm: could not find a library providing header - '#include "vterm/screen.c.generated.h"' at src/nvim/vterm/screen.c:14
gazelle: @neovim//src/nvim/vterm: could not find a library providing header - '#include "vterm/state.c.generated.h"' at src/nvim/vterm/state.c:14
gazelle: @neovim//src/nvim/vterm: could not find a library providing header - '#include "vterm/vterm.c.generated.h"' at src/nvim/vterm/vterm.c:13
gazelle: @neovim//src/xdiff: could not find a library providing header - '#include "git-compat-util.h"' at src/xdiff/xinclude.h:54
