<root> (@_)
в”ңв”Җв”Җв”Җgazelle@0.51.3 
в”Ӯ   в”ңв”Җв”Җв”Җbazel_features@1.42.1 
в”Ӯ   в”Ӯ   в””в”Җв”Җв”Җbazel_skylib@1.8.2 (*) 
в”Ӯ   в”ңв”Җв”Җв”Җbazel_skylib@1.8.2 
в”Ӯ   в”Ӯ   в”ңв”Җв”Җв”Җplatforms@1.0.0 (*) 
в”Ӯ   в”Ӯ   в””в”Җв”Җв”Җrules_license@1.0.0 (*) 
в”Ӯ   в”ңв”Җв”Җв”Җpackage_metadata@0.0.5 
в”Ӯ   в”ңв”Җв”Җв”Җprotobuf@33.4 
в”Ӯ   в”Ӯ   в”ңв”Җв”Җв”Җbazel_features@1.42.1 (*) 
в”Ӯ   в”Ӯ   в”ңв”Җв”Җв”Җbazel_skylib@1.8.2 (*) 
в”Ӯ   в”Ӯ   в”ңв”Җв”Җв”Җplatforms@1.0.0 (*) 
в”Ӯ   в”Ӯ   в”ңв”Җв”Җв”Җrules_cc@0.2.17 (*) 
в”Ӯ   в”Ӯ   в”ңв”Җв”Җв”Җrules_license@1.0.0 (*) 
в”Ӯ   в”Ӯ   в”ңв”Җв”Җв”Җrules_python@2.0.2 (*) 
в”Ӯ   в”Ӯ   в”ңв”Җв”Җв”Җrules_shell@0.6.1 (*) 
в”Ӯ   в”Ӯ   в”ңв”Җв”Җв”Җabseil-cpp@20250814.1 
в”Ӯ   в”Ӯ   в”Ӯ   в”ңв”Җв”Җв”Җbazel_skylib@1.8.2 (*) 
в”Ӯ   в”Ӯ   в”Ӯ   в”ңв”Җв”Җв”Җplatforms@1.0.0 (*) 
в”Ӯ   в”Ӯ   в”Ӯ   в”ңв”Җв”Җв”Җrules_cc@0.2.17 (*) 
в”Ӯ   в”Ӯ   в”Ӯ   в””в”Җв”Җв”Җgoogletest@1.17.0 
в”Ӯ   в”Ӯ   в”Ӯ       в”ңв”Җв”Җв”Җabseil-cpp@20250814.1 (cycle) 
в”Ӯ   в”Ӯ   в”Ӯ       в”ңв”Җв”Җв”Җplatforms@1.0.0 (*) 
в”Ӯ   в”Ӯ   в”Ӯ       в””в”Җв”Җв”Җre2@2024-07-02.bcr.1 (*) 
в”Ӯ   в”Ӯ   в”ңв”Җв”Җв”Җapple_support@1.24.2 
в”Ӯ   в”Ӯ   в”Ӯ   в”ңв”Җв”Җв”Җbazel_features@1.42.1 (*) 
в”Ӯ   в”Ӯ   в”Ӯ   в”ңв”Җв”Җв”Җbazel_skylib@1.8.2 (*) 
в”Ӯ   в”Ӯ   в”Ӯ   в”ңв”Җв”Җв”Җplatforms@1.0.0 (*) 
в”Ӯ   в”Ӯ   в”Ӯ   в””в”Җв”Җв”Җrules_cc@0.2.17 (*) 
в”Ӯ   в”Ӯ   в”ңв”Җв”Җв”Җjsoncpp@1.9.6 
в”Ӯ   в”Ӯ   в”ңв”Җв”Җв”Җre2@2024-07-02.bcr.1 
в”Ӯ   в”Ӯ   в”Ӯ   в”ңв”Җв”Җв”Җabseil-cpp@20250814.1 (*) 
в”Ӯ   в”Ӯ   в”Ӯ   в”ңв”Җв”Җв”Җapple_support@1.24.2 (*) 
в”Ӯ   в”Ӯ   в”Ӯ   в”ңв”Җв”Җв”Җplatforms@1.0.0 (*) 
в”Ӯ   в”Ӯ   в”Ӯ   в”ңв”Җв”Җв”Җrules_cc@0.2.17 (*) 
в”Ӯ   в”Ӯ   в”Ӯ   в”ңв”Җв”Җв”Җrules_python@2.0.2 (*) 
в”Ӯ   в”Ӯ   в”Ӯ   в””в”Җв”Җв”Җpybind11_bazel@2.12.0 
в”Ӯ   в”Ӯ   в”Ӯ       в”ңв”Җв”Җв”Җbazel_skylib@1.8.2 (*) 
в”Ӯ   в”Ӯ   в”Ӯ       в”ңв”Җв”Җв”Җplatforms@1.0.0 (*) 
в”Ӯ   в”Ӯ   в”Ӯ       в”ңв”Җв”Җв”Җrules_cc@0.2.17 (*) 
в”Ӯ   в”Ӯ   в”Ӯ       в””в”Җв”Җв”Җrules_python@2.0.2 (*) 
в”Ӯ   в”Ӯ   в”ңв”Җв”Җв”Җrules_apple@4.1.0 
в”Ӯ   в”Ӯ   в”Ӯ   в”ңв”Җв”Җв”Җapple_support@1.24.2 (*) 
в”Ӯ   в”Ӯ   в”Ӯ   в”ңв”Җв”Җв”Җbazel_features@1.42.1 (*) 
в”Ӯ   в”Ӯ   в”Ӯ   в”ңв”Җв”Җв”Җbazel_skylib@1.8.2 (*) 
в”Ӯ   в”Ӯ   в”Ӯ   в”ңв”Җв”Җв”Җplatforms@1.0.0 (*) 
в”Ӯ   в”Ӯ   в”Ӯ   в”ңв”Җв”Җв”Җrules_cc@0.2.17 (*) 
в”Ӯ   в”Ӯ   в”Ӯ   в”ңв”Җв”Җв”Җrules_python@2.0.2 (*) 
в”Ӯ   в”Ӯ   в”Ӯ   в”ңв”Җв”Җв”Җrules_shell@0.6.1 (*) 
в”Ӯ   в”Ӯ   в”Ӯ   в””в”Җв”Җв”Җrules_swift@3.1.2 
в”Ӯ   в”Ӯ   в”Ӯ       в”ңв”Җв”Җв”Җprotobuf@33.4 (cycle) 
в”Ӯ   в”Ӯ   в”Ӯ       в”ңв”Җв”Җв”Җapple_support@1.24.2 (*) 
в”Ӯ   в”Ӯ   в”Ӯ       в”ңв”Җв”Җв”Җbazel_features@1.42.1 (*) 
в”Ӯ   в”Ӯ   в”Ӯ       в”ңв”Җв”Җв”Җbazel_skylib@1.8.2 (*) 
в”Ӯ   в”Ӯ   в”Ӯ       в”ңв”Җв”Җв”Җplatforms@1.0.0 (*) 
в”Ӯ   в”Ӯ   в”Ӯ       в”ңв”Җв”Җв”Җrules_cc@0.2.17 (*) 
в”Ӯ   в”Ӯ   в”Ӯ       в”ңв”Җв”Җв”Җrules_shell@0.6.1 (*) 
в”Ӯ   в”Ӯ   в”Ӯ       в”ңв”Җв”Җв”Җnlohmann_json@3.6.1 
в”Ӯ   в”Ӯ   в”Ӯ       в””в”Җв”Җв”Җswift_argument_parser@1.3.1.2 
в”Ӯ   в”Ӯ   в”Ӯ           в”ңв”Җв”Җв”Җrules_swift@3.1.2 (cycle) 
в”Ӯ   в”Ӯ   в”Ӯ           в””в”Җв”Җв”Җapple_support@1.24.2 (*) 
в”Ӯ   в”Ӯ   в”ңв”Җв”Җв”Җrules_java@9.1.0 
в”Ӯ   в”Ӯ   в”Ӯ   в”ңв”Җв”Җв”Җprotobuf@33.4 (cycle) 
в”Ӯ   в”Ӯ   в”Ӯ   в”ңв”Җв”Җв”Җabseil-cpp@20250814.1 (*) 
в”Ӯ   в”Ӯ   в”Ӯ   в”ңв”Җв”Җв”Җbazel_features@1.42.1 (*) 
в”Ӯ   в”Ӯ   в”Ӯ   в”ңв”Җв”Җв”Җbazel_skylib@1.8.2 (*) 
в”Ӯ   в”Ӯ   в”Ӯ   в”ңв”Җв”Җв”Җplatforms@1.0.0 (*) 
в”Ӯ   в”Ӯ   в”Ӯ   в”ңв”Җв”Җв”Җrules_cc@0.2.17 (*) 
в”Ӯ   в”Ӯ   в”Ӯ   в”ңв”Җв”Җв”Җrules_license@1.0.0 (*) 
в”Ӯ   в”Ӯ   в”Ӯ   в””в”Җв”Җв”Җzlib@1.3.1.bcr.5 (*) 
в”Ӯ   в”Ӯ   в”ңв”Җв”Җв”Җrules_jvm_external@6.7 
в”Ӯ   в”Ӯ   в”Ӯ   в”ңв”Җв”Җв”Җbazel_features@1.42.1 (*) 
в”Ӯ   в”Ӯ   в”Ӯ   в”ңв”Җв”Җв”Җbazel_skylib@1.8.2 (*) 
в”Ӯ   в”Ӯ   в”Ӯ   в”ңв”Җв”Җв”Җplatforms@1.0.0 (*) 
в”Ӯ   в”Ӯ   в”Ӯ   в”ңв”Җв”Җв”Җrules_java@9.1.0 (*) 
в”Ӯ   в”Ӯ   в”Ӯ   в”ңв”Җв”Җв”Җrules_kotlin@1.9.6 (*) 
в”Ӯ   в”Ӯ   в”Ӯ   в”ңв”Җв”Җв”Җrules_license@1.0.0 (*) 
в”Ӯ   в”Ӯ   в”Ӯ   в”ңв”Җв”Җв”Җrules_shell@0.6.1 (*) 
в”Ӯ   в”Ӯ   в”Ӯ   в””в”Җв”Җв”Җrules_android@0.1.1 
в”Ӯ   в”Ӯ   в”ңв”Җв”Җв”Җrules_kotlin@1.9.6 
в”Ӯ   в”Ӯ   в”Ӯ   в”ңв”Җв”Җв”Җbazel_skylib@1.8.2 (*) 
в”Ӯ   в”Ӯ   в”Ӯ   в”ңв”Җв”Җв”Җplatforms@1.0.0 (*) 
в”Ӯ   в”Ӯ   в”Ӯ   в”ңв”Җв”Җв”Җrules_cc@0.2.17 (*) 
в”Ӯ   в”Ӯ   в”Ӯ   в”ңв”Җв”Җв”Җrules_java@9.1.0 (*) 
в”Ӯ   в”Ӯ   в”Ӯ   в”ңв”Җв”Җв”Җrules_proto@7.1.0 (*) 
в”Ӯ   в”Ӯ   в”Ӯ   в””в”Җв”Җв”Җrules_python@2.0.2 (*) 
в”Ӯ   в”Ӯ   в”ңв”Җв”Җв”Җrules_pkg@1.0.1 
в”Ӯ   в”Ӯ   в”Ӯ   в”ңв”Җв”Җв”Җbazel_skylib@1.8.2 (*) 
в”Ӯ   в”Ӯ   в”Ӯ   в”ңв”Җв”Җв”Җrules_license@1.0.0 (*) 
в”Ӯ   в”Ӯ   в”Ӯ   в””в”Җв”Җв”Җrules_python@2.0.2 (*) 
в”Ӯ   в”Ӯ   в”ңв”Җв”Җв”Җrules_proto@7.1.0 
в”Ӯ   в”Ӯ   в”Ӯ   в”ңв”Җв”Җв”Җprotobuf@33.4 (cycle) 
в”Ӯ   в”Ӯ   в”Ӯ   в”ңв”Җв”Җв”Җbazel_skylib@1.8.2 (*) 
в”Ӯ   в”Ӯ   в”Ӯ   в”ңв”Җв”Җв”Җrules_cc@0.2.17 (*) 
в”Ӯ   в”Ӯ   в”Ӯ   в””в”Җв”Җв”Җrules_license@1.0.0 (*) 
в”Ӯ   в”Ӯ   в””в”Җв”Җв”Җzlib@1.3.1.bcr.5 
в”Ӯ   в”Ӯ       в”ңв”Җв”Җв”Җplatforms@1.0.0 (*) 
в”Ӯ   в”Ӯ       в”ңв”Җв”Җв”Җrules_cc@0.2.17 (*) 
в”Ӯ   в”Ӯ       в””в”Җв”Җв”Җrules_license@1.0.0 (*) 
в”Ӯ   в”ңв”Җв”Җв”Җrules_cc@0.2.17 
в”Ӯ   в”Ӯ   в”ңв”Җв”Җв”Җbazel_features@1.42.1 (*) 
в”Ӯ   в”Ӯ   в”ңв”Җв”Җв”Җbazel_skylib@1.8.2 (*) 
в”Ӯ   в”Ӯ   в”ңв”Җв”Җв”Җplatforms@1.0.0 (*) 
в”Ӯ   в”Ӯ   в””в”Җв”Җв”Җprotobuf@33.4 (*) 
в”Ӯ   в”ңв”Җв”Җв”Җrules_go@0.59.0 
в”Ӯ   в”Ӯ   в”ңв”Җв”Җв”Җgazelle@0.51.3 (cycle) 
в”Ӯ   в”Ӯ   в”ңв”Җв”Җв”Җbazel_features@1.42.1 (*) 
в”Ӯ   в”Ӯ   в”ңв”Җв”Җв”Җbazel_skylib@1.8.2 (*) 
в”Ӯ   в”Ӯ   в”ңв”Җв”Җв”Җplatforms@1.0.0 (*) 
в”Ӯ   в”Ӯ   в”ңв”Җв”Җв”Җprotobuf@33.4 (*) 
в”Ӯ   в”Ӯ   в”ңв”Җв”Җв”Җrules_cc@0.2.17 (*) 
в”Ӯ   в”Ӯ   в”ңв”Җв”Җв”Җrules_proto@7.1.0 (*) 
в”Ӯ   в”Ӯ   в””в”Җв”Җв”Җrules_shell@0.6.1 (*) 
в”Ӯ   в”ңв”Җв”Җв”Җrules_license@1.0.0 
в”Ӯ   в””в”Җв”Җв”Җrules_shell@0.6.1 
в”Ӯ       в”ңв”Җв”Җв”Җbazel_features@1.42.1 (*) 
в”Ӯ       в”ңв”Җв”Җв”Җbazel_skylib@1.8.2 (*) 
в”Ӯ       в””в”Җв”Җв”Җplatforms@1.0.0 (*) 
в”ңв”Җв”Җв”Җrules_python@2.0.2 
в”Ӯ   в”ңв”Җв”Җв”Җbazel_features@1.42.1 (*) 
в”Ӯ   в”ңв”Җв”Җв”Җbazel_skylib@1.8.2 (*) 
в”Ӯ   в”ңв”Җв”Җв”Җprotobuf@33.4 (*) 
в”Ӯ   в”ңв”Җв”Җв”Җrules_cc@0.2.17 (*) 
в”Ӯ   в””в”Җв”Җв”Җplatforms@1.0.0 
в”Ӯ       в””в”Җв”Җв”Җrules_license@1.0.0 (*) 
в””в”Җв”Җв”Җrules_python_gazelle_plugin@2.0.2 
    в”ңв”Җв”Җв”Җbazel_skylib@1.8.2 (*) 
    в”ңв”Җв”Җв”Җgazelle@0.51.3 (*) 
    в”ңв”Җв”Җв”Җrules_cc@0.2.17 (*) 
    в”ңв”Җв”Җв”Җrules_go@0.59.0 (*) 
    в””в”Җв”Җв”Җrules_python@2.0.2 (*) 

