@pip//_config:_is_cp312
@pip//_config:_is_cp312_linux_aarch64
@pip//_config:_is_cp312_linux_aarch64_freethreaded
@pip//_config:_is_cp312_linux_x86_64
@pip//_config:_is_cp312_linux_x86_64_freethreaded
@pip//_config:_is_cp312_osx_aarch64
@pip//_config:_is_cp312_osx_aarch64_freethreaded
@pip//_config:_is_cp312_osx_x86_64
@pip//_config:_is_cp312_osx_x86_64_freethreaded
@pip//_config:_is_cp312_windows_aarch64
@pip//_config:_is_cp312_windows_aarch64_freethreaded
@pip//_config:_is_cp312_windows_x86_64
@pip//_config:_is_cp312_windows_x86_64_freethreaded
@pip//_config:is_cp312
@pip//_config:is_cp312_linux_aarch64
@pip//_config:is_cp312_linux_aarch64_2
@pip//_config:is_cp312_linux_aarch64_3
@pip//_config:is_cp312_linux_aarch64_freethreaded
@pip//_config:is_cp312_linux_aarch64_freethreaded_2
@pip//_config:is_cp312_linux_aarch64_freethreaded_3
@pip//_config:is_cp312_linux_x86_64
@pip//_config:is_cp312_linux_x86_64_2
@pip//_config:is_cp312_linux_x86_64_3
@pip//_config:is_cp312_linux_x86_64_freethreaded
@pip//_config:is_cp312_linux_x86_64_freethreaded_2
@pip//_config:is_cp312_linux_x86_64_freethreaded_3
@pip//_config:is_cp312_osx_aarch64
@pip//_config:is_cp312_osx_aarch64_2
@pip//_config:is_cp312_osx_aarch64_3
@pip//_config:is_cp312_osx_aarch64_freethreaded
@pip//_config:is_cp312_osx_aarch64_freethreaded_2
@pip//_config:is_cp312_osx_aarch64_freethreaded_3
@pip//_config:is_cp312_osx_x86_64
@pip//_config:is_cp312_osx_x86_64_2
@pip//_config:is_cp312_osx_x86_64_3
@pip//_config:is_cp312_osx_x86_64_freethreaded
@pip//_config:is_cp312_osx_x86_64_freethreaded_2
@pip//_config:is_cp312_osx_x86_64_freethreaded_3
@pip//_config:is_cp312_windows_aarch64
@pip//_config:is_cp312_windows_aarch64_2
@pip//_config:is_cp312_windows_aarch64_3
@pip//_config:is_cp312_windows_aarch64_freethreaded
@pip//_config:is_cp312_windows_aarch64_freethreaded_2
@pip//_config:is_cp312_windows_aarch64_freethreaded_3
@pip//_config:is_cp312_windows_x86_64
@pip//_config:is_cp312_windows_x86_64_2
@pip//_config:is_cp312_windows_x86_64_3
@pip//_config:is_cp312_windows_x86_64_freethreaded
@pip//_config:is_cp312_windows_x86_64_freethreaded_2
@pip//_config:is_cp312_windows_x86_64_freethreaded_3
@pip//asgiref:_no_matching_repository
@pip//asgiref:asgiref
@pip//asgiref:data
@pip//asgiref:dist_info
@pip//asgiref:extracted_whl_files
@pip//asgiref:pkg
@pip//asgiref:whl
@pip//ast_serialize:_no_matching_repository
@pip//ast_serialize:ast_serialize
@pip//ast_serialize:data
@pip//ast_serialize:dist_info
@pip//ast_serialize:extracted_whl_files
@pip//ast_serialize:pkg
@pip//ast_serialize:whl
@pip//blinker:_no_matching_repository
@pip//blinker:blinker
@pip//blinker:data
@pip//blinker:dist_info
@pip//blinker:extracted_whl_files
@pip//blinker:pkg
@pip//blinker:whl
@pip//cffi:_no_matching_repository
@pip//cffi:cffi
@pip//cffi:data
@pip//cffi:dist_info
@pip//cffi:extracted_whl_files
@pip//cffi:pkg
@pip//cffi:whl
@pip//cfgv:_no_matching_repository
@pip//cfgv:cfgv
@pip//cfgv:data
@pip//cfgv:dist_info
@pip//cfgv:extracted_whl_files
@pip//cfgv:pkg
@pip//cfgv:whl
@pip//click:_no_matching_repository
@pip//click:click
@pip//click:data
@pip//click:dist_info
@pip//click:extracted_whl_files
@pip//click:pkg
@pip//click:whl
@pip//cryptography:_no_matching_repository
@pip//cryptography:cryptography
@pip//cryptography:data
@pip//cryptography:dist_info
@pip//cryptography:extracted_whl_files
@pip//cryptography:pkg
@pip//cryptography:whl
@pip//distlib:_no_matching_repository
@pip//distlib:data
@pip//distlib:dist_info
@pip//distlib:distlib
@pip//distlib:extracted_whl_files
@pip//distlib:pkg
@pip//distlib:whl
@pip//filelock:_no_matching_repository
@pip//filelock:data
@pip//filelock:dist_info
@pip//filelock:extracted_whl_files
@pip//filelock:filelock
@pip//filelock:pkg
@pip//filelock:whl
@pip//identify:_no_matching_repository
@pip//identify:data
@pip//identify:dist_info
@pip//identify:extracted_whl_files
@pip//identify:identify
@pip//identify:pkg
@pip//identify:whl
@pip//iniconfig:_no_matching_repository
@pip//iniconfig:data
@pip//iniconfig:dist_info
@pip//iniconfig:extracted_whl_files
@pip//iniconfig:iniconfig
@pip//iniconfig:pkg
@pip//iniconfig:whl
@pip//itsdangerous:_no_matching_repository
@pip//itsdangerous:data
@pip//itsdangerous:dist_info
@pip//itsdangerous:extracted_whl_files
@pip//itsdangerous:itsdangerous
@pip//itsdangerous:pkg
@pip//itsdangerous:whl
@pip//jinja2:_no_matching_repository
@pip//jinja2:data
@pip//jinja2:dist_info
@pip//jinja2:extracted_whl_files
@pip//jinja2:jinja2
@pip//jinja2:pkg
@pip//jinja2:whl
@pip//librt:_no_matching_repository
@pip//librt:data
@pip//librt:dist_info
@pip//librt:extracted_whl_files
@pip//librt:librt
@pip//librt:pkg
@pip//librt:whl
@pip//markupsafe:_no_matching_repository
@pip//markupsafe:data
@pip//markupsafe:dist_info
@pip//markupsafe:extracted_whl_files
@pip//markupsafe:markupsafe
@pip//markupsafe:pkg
@pip//markupsafe:whl
@pip//mypy:_no_matching_repository
@pip//mypy:data
@pip//mypy:dist_info
@pip//mypy:extracted_whl_files
@pip//mypy:mypy
@pip//mypy:pkg
@pip//mypy:whl
@pip//mypy_extensions:_no_matching_repository
@pip//mypy_extensions:data
@pip//mypy_extensions:dist_info
@pip//mypy_extensions:extracted_whl_files
@pip//mypy_extensions:mypy_extensions
@pip//mypy_extensions:pkg
@pip//mypy_extensions:whl
@pip//nodeenv:_no_matching_repository
@pip//nodeenv:data
@pip//nodeenv:dist_info
@pip//nodeenv:extracted_whl_files
@pip//nodeenv:nodeenv
@pip//nodeenv:pkg
@pip//nodeenv:whl
@pip//packaging:_no_matching_repository
@pip//packaging:data
@pip//packaging:dist_info
@pip//packaging:extracted_whl_files
@pip//packaging:packaging
@pip//packaging:pkg
@pip//packaging:whl
@pip//pathspec:_no_matching_repository
@pip//pathspec:data
@pip//pathspec:dist_info
@pip//pathspec:extracted_whl_files
@pip//pathspec:pathspec
@pip//pathspec:pkg
@pip//pathspec:whl
@pip//platformdirs:_no_matching_repository
@pip//platformdirs:data
@pip//platformdirs:dist_info
@pip//platformdirs:extracted_whl_files
@pip//platformdirs:pkg
@pip//platformdirs:platformdirs
@pip//platformdirs:whl
@pip//pluggy:_no_matching_repository
@pip//pluggy:data
@pip//pluggy:dist_info
@pip//pluggy:extracted_whl_files
@pip//pluggy:pkg
@pip//pluggy:pluggy
@pip//pluggy:whl
@pip//pre_commit:_no_matching_repository
@pip//pre_commit:data
@pip//pre_commit:dist_info
@pip//pre_commit:extracted_whl_files
@pip//pre_commit:pkg
@pip//pre_commit:pre_commit
@pip//pre_commit:whl
@pip//pre_commit_uv:_no_matching_repository
@pip//pre_commit_uv:data
@pip//pre_commit_uv:dist_info
@pip//pre_commit_uv:extracted_whl_files
@pip//pre_commit_uv:pkg
@pip//pre_commit_uv:pre_commit_uv
@pip//pre_commit_uv:whl
@pip//pycparser:_no_matching_repository
@pip//pycparser:data
@pip//pycparser:dist_info
@pip//pycparser:extracted_whl_files
@pip//pycparser:pkg
@pip//pycparser:pycparser
@pip//pycparser:whl
@pip//pygments:_no_matching_repository
@pip//pygments:data
@pip//pygments:dist_info
@pip//pygments:extracted_whl_files
@pip//pygments:pkg
@pip//pygments:pygments
@pip//pygments:whl
@pip//pyright:_no_matching_repository
@pip//pyright:data
@pip//pyright:dist_info
@pip//pyright:extracted_whl_files
@pip//pyright:pkg
@pip//pyright:pyright
@pip//pyright:whl
@pip//pytest:_no_matching_repository
@pip//pytest:data
@pip//pytest:dist_info
@pip//pytest:extracted_whl_files
@pip//pytest:pkg
@pip//pytest:pytest
@pip//pytest:whl
@pip//python_discovery:_no_matching_repository
@pip//python_discovery:data
@pip//python_discovery:dist_info
@pip//python_discovery:extracted_whl_files
@pip//python_discovery:pkg
@pip//python_discovery:python_discovery
@pip//python_discovery:whl
@pip//python_dotenv:_no_matching_repository
@pip//python_dotenv:data
@pip//python_dotenv:dist_info
@pip//python_dotenv:extracted_whl_files
@pip//python_dotenv:pkg
@pip//python_dotenv:python_dotenv
@pip//python_dotenv:whl
@pip//pyyaml:_no_matching_repository
@pip//pyyaml:data
@pip//pyyaml:dist_info
@pip//pyyaml:extracted_whl_files
@pip//pyyaml:pkg
@pip//pyyaml:pyyaml
@pip//pyyaml:whl
@pip//types_contextvars:_no_matching_repository
@pip//types_contextvars:data
@pip//types_contextvars:dist_info
@pip//types_contextvars:extracted_whl_files
@pip//types_contextvars:pkg
@pip//types_contextvars:types_contextvars
@pip//types_contextvars:whl
@pip//types_dataclasses:_no_matching_repository
@pip//types_dataclasses:data
@pip//types_dataclasses:dist_info
@pip//types_dataclasses:extracted_whl_files
@pip//types_dataclasses:pkg
@pip//types_dataclasses:types_dataclasses
@pip//types_dataclasses:whl
@pip//typing_extensions:_no_matching_repository
@pip//typing_extensions:data
@pip//typing_extensions:dist_info
@pip//typing_extensions:extracted_whl_files
@pip//typing_extensions:pkg
@pip//typing_extensions:typing_extensions
@pip//typing_extensions:whl
@pip//uv:_no_matching_repository
@pip//uv:data
@pip//uv:dist_info
@pip//uv:extracted_whl_files
@pip//uv:pkg
@pip//uv:uv
@pip//uv:whl
@pip//virtualenv:_no_matching_repository
@pip//virtualenv:data
@pip//virtualenv:dist_info
@pip//virtualenv:extracted_whl_files
@pip//virtualenv:pkg
@pip//virtualenv:virtualenv
@pip//virtualenv:whl
@pip//werkzeug:_no_matching_repository
@pip//werkzeug:data
@pip//werkzeug:dist_info
@pip//werkzeug:extracted_whl_files
@pip//werkzeug:pkg
@pip//werkzeug:werkzeug
@pip//werkzeug:whl
