<root> (grpc_gateway@0.0.0)
в”ңв”Җв”Җв”Җbazel_skylib@1.9.0 
в”Ӯ   в”ңв”Җв”Җв”Җplatforms@1.1.0 (*) 
в”Ӯ   в””в”Җв”Җв”Җrules_license@1.0.0 
в”ңв”Җв”Җв”Җgazelle@0.51.3 
в”Ӯ   в”ңв”Җв”Җв”Җbazel_skylib@1.9.0 (*) 
в”Ӯ   в”ңв”Җв”Җв”Җprotobuf@35.1 (*) 
в”Ӯ   в”ңв”Җв”Җв”Җrules_go@0.61.1 (*) 
в”Ӯ   в”ңв”Җв”Җв”Җrules_license@1.0.0 (*) 
в”Ӯ   в”ңв”Җв”Җв”Җbazel_features@1.42.1 
в”Ӯ   в”Ӯ   в””в”Җв”Җв”Җbazel_skylib@1.9.0 (*) 
в”Ӯ   в”ңв”Җв”Җв”Җpackage_metadata@0.0.5 
в”Ӯ   в”ңв”Җв”Җв”Җrules_cc@0.2.17 
в”Ӯ   в”Ӯ   в”ңв”Җв”Җв”Җbazel_features@1.42.1 (*) 
в”Ӯ   в”Ӯ   в”ңв”Җв”Җв”Җbazel_skylib@1.9.0 (*) 
в”Ӯ   в”Ӯ   в”ңв”Җв”Җв”Җplatforms@1.1.0 (*) 
в”Ӯ   в”Ӯ   в””в”Җв”Җв”Җprotobuf@35.1 (*) 
в”Ӯ   в””в”Җв”Җв”Җrules_shell@0.6.1 
в”Ӯ       в”ңв”Җв”Җв”Җbazel_features@1.42.1 (*) 
в”Ӯ       в”ңв”Җв”Җв”Җbazel_skylib@1.9.0 (*) 
в”Ӯ       в””в”Җв”Җв”Җplatforms@1.1.0 (*) 
в”ңв”Җв”Җв”Җgoogleapis@0.0.0-20260525-ef19b7b7 
в”Ӯ   в”ңв”Җв”Җв”Җprotobuf@35.1 (*) 
в”Ӯ   в”ңв”Җв”Җв”Җrules_proto@7.1.0 (*) 
в”Ӯ   в””в”Җв”Җв”Җgoogleapis-rules-registry@1.1.5 
в”ңв”Җв”Җв”Җplatforms@1.1.0 
в”Ӯ   в”ңв”Җв”Җв”Җpackage_metadata@0.0.5 (*) 
в”Ӯ   в””в”Җв”Җв”Җrules_license@1.0.0 (*) 
в”ңв”Җв”Җв”Җprotobuf@35.1 
в”Ӯ   в”ңв”Җв”Җв”Җbazel_features@1.42.1 (*) 
в”Ӯ   в”ңв”Җв”Җв”Җbazel_skylib@1.9.0 (*) 
в”Ӯ   в”ңв”Җв”Җв”Җplatforms@1.1.0 (*) 
в”Ӯ   в”ңв”Җв”Җв”Җrules_cc@0.2.17 (*) 
в”Ӯ   в”ңв”Җв”Җв”Җrules_license@1.0.0 (*) 
в”Ӯ   в”ңв”Җв”Җв”Җrules_proto@7.1.0 (*) 
в”Ӯ   в”ңв”Җв”Җв”Җrules_shell@0.6.1 (*) 
в”Ӯ   в”ңв”Җв”Җв”Җabseil-cpp@20250814.1 
в”Ӯ   в”Ӯ   в”ңв”Җв”Җв”Җbazel_skylib@1.9.0 (*) 
в”Ӯ   в”Ӯ   в”ңв”Җв”Җв”Җplatforms@1.1.0 (*) 
в”Ӯ   в”Ӯ   в”ңв”Җв”Җв”Җrules_cc@0.2.17 (*) 
в”Ӯ   в”Ӯ   в””в”Җв”Җв”Җgoogletest@1.17.0 
в”Ӯ   в”Ӯ       в”ңв”Җв”Җв”Җabseil-cpp@20250814.1 (cycle) 
в”Ӯ   в”Ӯ       в”ңв”Җв”Җв”Җplatforms@1.1.0 (*) 
в”Ӯ   в”Ӯ       в””в”Җв”Җв”Җre2@2024-07-02.bcr.1 (*) 
в”Ӯ   в”ңв”Җв”Җв”Җapple_support@2.3.0 
в”Ӯ   в”Ӯ   в”ңв”Җв”Җв”Җbazel_features@1.42.1 (*) 
в”Ӯ   в”Ӯ   в”ңв”Җв”Җв”Җbazel_skylib@1.9.0 (*) 
в”Ӯ   в”Ӯ   в”ңв”Җв”Җв”Җplatforms@1.1.0 (*) 
в”Ӯ   в”Ӯ   в””в”Җв”Җв”Җrules_cc@0.2.17 (*) 
в”Ӯ   в”ңв”Җв”Җв”Җjsoncpp@1.9.6.bcr.2 
в”Ӯ   в”Ӯ   в””в”Җв”Җв”Җrules_cc@0.2.17 (*) 
в”Ӯ   в”ңв”Җв”Җв”Җre2@2024-07-02.bcr.1 
в”Ӯ   в”Ӯ   в”ңв”Җв”Җв”Җabseil-cpp@20250814.1 (*) 
в”Ӯ   в”Ӯ   в”ңв”Җв”Җв”Җapple_support@2.3.0 (*) 
в”Ӯ   в”Ӯ   в”ңв”Җв”Җв”Җplatforms@1.1.0 (*) 
в”Ӯ   в”Ӯ   в”ңв”Җв”Җв”Җrules_cc@0.2.17 (*) 
в”Ӯ   в”Ӯ   в”ңв”Җв”Җв”Җrules_python@1.7.0 (*) 
в”Ӯ   в”Ӯ   в””в”Җв”Җв”Җpybind11_bazel@2.12.0 
в”Ӯ   в”Ӯ       в”ңв”Җв”Җв”Җbazel_skylib@1.9.0 (*) 
в”Ӯ   в”Ӯ       в”ңв”Җв”Җв”Җplatforms@1.1.0 (*) 
в”Ӯ   в”Ӯ       в”ңв”Җв”Җв”Җrules_cc@0.2.17 (*) 
в”Ӯ   в”Ӯ       в””в”Җв”Җв”Җrules_python@1.7.0 (*) 
в”Ӯ   в”ңв”Җв”Җв”Җrules_java@9.3.0 
в”Ӯ   в”Ӯ   в”ңв”Җв”Җв”Җprotobuf@35.1 (cycle) 
в”Ӯ   в”Ӯ   в”ңв”Җв”Җв”Җabseil-cpp@20250814.1 (*) 
в”Ӯ   в”Ӯ   в”ңв”Җв”Җв”Җbazel_features@1.42.1 (*) 
в”Ӯ   в”Ӯ   в”ңв”Җв”Җв”Җbazel_skylib@1.9.0 (*) 
в”Ӯ   в”Ӯ   в”ңв”Җв”Җв”Җplatforms@1.1.0 (*) 
в”Ӯ   в”Ӯ   в”ңв”Җв”Җв”Җrules_cc@0.2.17 (*) 
в”Ӯ   в”Ӯ   в”ңв”Җв”Җв”Җrules_license@1.0.0 (*) 
в”Ӯ   в”Ӯ   в””в”Җв”Җв”Җzlib@1.3.1.bcr.5 (*) 
в”Ӯ   в”ңв”Җв”Җв”Җrules_jvm_external@6.9 
в”Ӯ   в”Ӯ   в”ңв”Җв”Җв”Җbazel_features@1.42.1 (*) 
в”Ӯ   в”Ӯ   в”ңв”Җв”Җв”Җbazel_skylib@1.9.0 (*) 
в”Ӯ   в”Ӯ   в”ңв”Җв”Җв”Җpackage_metadata@0.0.5 (*) 
в”Ӯ   в”Ӯ   в”ңв”Җв”Җв”Җplatforms@1.1.0 (*) 
в”Ӯ   в”Ӯ   в”ңв”Җв”Җв”Җrules_java@9.3.0 (*) 
в”Ӯ   в”Ӯ   в”ңв”Җв”Җв”Җrules_kotlin@2.3.20 (*) 
в”Ӯ   в”Ӯ   в”ңв”Җв”Җв”Җrules_license@1.0.0 (*) 
в”Ӯ   в”Ӯ   в”ңв”Җв”Җв”Җrules_shell@0.6.1 (*) 
в”Ӯ   в”Ӯ   в””в”Җв”Җв”Җrules_android@0.7.1 
в”Ӯ   в”Ӯ       в”ңв”Җв”Җв”Җprotobuf@35.1 (cycle) 
в”Ӯ   в”Ӯ       в”ңв”Җв”Җв”Җrules_jvm_external@6.9 (cycle) 
в”Ӯ   в”Ӯ       в”ңв”Җв”Җв”Җbazel_skylib@1.9.0 (*) 
в”Ӯ   в”Ӯ       в”ңв”Җв”Җв”Җgazelle@0.51.3 (*) 
в”Ӯ   в”Ӯ       в”ңв”Җв”Җв”Җplatforms@1.1.0 (*) 
в”Ӯ   в”Ӯ       в”ңв”Җв”Җв”Җrules_cc@0.2.17 (*) 
в”Ӯ   в”Ӯ       в”ңв”Җв”Җв”Җrules_go@0.61.1 (*) 
в”Ӯ   в”Ӯ       в”ңв”Җв”Җв”Җrules_java@9.3.0 (*) 
в”Ӯ   в”Ӯ       в”ңв”Җв”Җв”Җrules_license@1.0.0 (*) 
в”Ӯ   в”Ӯ       в”ңв”Җв”Җв”Җrules_proto@7.1.0 (*) 
в”Ӯ   в”Ӯ       в”ңв”Җв”Җв”Җrules_python@1.7.0 (*) 
в”Ӯ   в”Ӯ       в”ңв”Җв”Җв”Җrules_shell@0.6.1 (*) 
в”Ӯ   в”Ӯ       в”ңв”Җв”Җв”Җabseil-py@2.1.0 
в”Ӯ   в”Ӯ       в”Ӯ   в””в”Җв”Җв”Җrules_python@1.7.0 (*) 
в”Ӯ   в”Ӯ       в”ңв”Җв”Җв”Җbazel_worker_api@0.0.8 
в”Ӯ   в”Ӯ       в”Ӯ   в””в”Җв”Җв”Җprotobuf@35.1 (cycle) 
в”Ӯ   в”Ӯ       в”ңв”Җв”Җв”Җbazel_worker_java@0.0.8 
в”Ӯ   в”Ӯ       в”Ӯ   в”ңв”Җв”Җв”Җprotobuf@35.1 (cycle) 
в”Ӯ   в”Ӯ       в”Ӯ   в”ңв”Җв”Җв”Җrules_jvm_external@6.9 (cycle) 
в”Ӯ   в”Ӯ       в”Ӯ   в”ңв”Җв”Җв”Җbazel_worker_api@0.0.8 (*) 
в”Ӯ   в”Ӯ       в”Ӯ   в””в”Җв”Җв”Җrules_java@9.3.0 (*) 
в”Ӯ   в”Ӯ       в””в”Җв”Җв”Җrules_robolectric@4.14.1.2 
в”Ӯ   в”Ӯ           в”ңв”Җв”Җв”Җbazel_skylib@1.9.0 (*) 
в”Ӯ   в”Ӯ           в”ңв”Җв”Җв”Җrules_java@9.3.0 (*) 
в”Ӯ   в”Ӯ           в””в”Җв”Җв”Җrules_python@1.7.0 (*) 
в”Ӯ   в”ңв”Җв”Җв”Җrules_kotlin@2.3.20 
в”Ӯ   в”Ӯ   в”ңв”Җв”Җв”Җbazel_features@1.42.1 (*) 
в”Ӯ   в”Ӯ   в”ңв”Җв”Җв”Җbazel_skylib@1.9.0 (*) 
в”Ӯ   в”Ӯ   в”ңв”Җв”Җв”Җplatforms@1.1.0 (*) 
в”Ӯ   в”Ӯ   в”ңв”Җв”Җв”Җrules_android@0.7.1 (*) 
в”Ӯ   в”Ӯ   в”ңв”Җв”Җв”Җrules_java@9.3.0 (*) 
в”Ӯ   в”Ӯ   в””в”Җв”Җв”Җbazel_lib@3.1.0 
в”Ӯ   в”Ӯ       в”ңв”Җв”Җв”Җbazel_features@1.42.1 (*) 
в”Ӯ   в”Ӯ       в”ңв”Җв”Җв”Җbazel_skylib@1.9.0 (*) 
в”Ӯ   в”Ӯ       в”ңв”Җв”Җв”Җplatforms@1.1.0 (*) 
в”Ӯ   в”Ӯ       в””в”Җв”Җв”Җrules_shell@0.6.1 (*) 
в”Ӯ   в”ңв”Җв”Җв”Җrules_pkg@1.0.1 
в”Ӯ   в”Ӯ   в”ңв”Җв”Җв”Җbazel_skylib@1.9.0 (*) 
в”Ӯ   в”Ӯ   в”ңв”Җв”Җв”Җrules_license@1.0.0 (*) 
в”Ӯ   в”Ӯ   в””в”Җв”Җв”Җrules_python@1.7.0 (*) 
в”Ӯ   в”ңв”Җв”Җв”Җrules_python@1.7.0 
в”Ӯ   в”Ӯ   в”ңв”Җв”Җв”Җprotobuf@35.1 (cycle) 
в”Ӯ   в”Ӯ   в”ңв”Җв”Җв”Җbazel_features@1.42.1 (*) 
в”Ӯ   в”Ӯ   в”ңв”Җв”Җв”Җbazel_skylib@1.9.0 (*) 
в”Ӯ   в”Ӯ   в”ңв”Җв”Җв”Җplatforms@1.1.0 (*) 
в”Ӯ   в”Ӯ   в”ңв”Җв”Җв”Җrules_cc@0.2.17 (*) 
в”Ӯ   в”Ӯ   в””в”Җв”Җв”Җstardoc@0.7.2 
в”Ӯ   в”Ӯ       в”ңв”Җв”Җв”Җprotobuf@35.1 (cycle) 
в”Ӯ   в”Ӯ       в”ңв”Җв”Җв”Җbazel_skylib@1.9.0 (*) 
в”Ӯ   в”Ӯ       в”ңв”Җв”Җв”Җrules_java@9.3.0 (*) 
в”Ӯ   в”Ӯ       в”ңв”Җв”Җв”Җrules_jvm_external@6.9 (*) 
в”Ӯ   в”Ӯ       в””в”Җв”Җв”Җrules_license@1.0.0 (*) 
в”Ӯ   в”ңв”Җв”Җв”Җrules_rust@0.69.0 
в”Ӯ   в”Ӯ   в”ңв”Җв”Җв”Җapple_support@2.3.0 (*) 
в”Ӯ   в”Ӯ   в”ңв”Җв”Җв”Җbazel_features@1.42.1 (*) 
в”Ӯ   в”Ӯ   в”ңв”Җв”Җв”Җbazel_skylib@1.9.0 (*) 
в”Ӯ   в”Ӯ   в”ңв”Җв”Җв”Җplatforms@1.1.0 (*) 
в”Ӯ   в”Ӯ   в”ңв”Җв”Җв”Җrules_cc@0.2.17 (*) 
в”Ӯ   в”Ӯ   в”ңв”Җв”Җв”Җrules_license@1.0.0 (*) 
в”Ӯ   в”Ӯ   в””в”Җв”Җв”Җrules_shell@0.6.1 (*) 
в”Ӯ   в””в”Җв”Җв”Җzlib@1.3.1.bcr.5 
в”Ӯ       в”ңв”Җв”Җв”Җplatforms@1.1.0 (*) 
в”Ӯ       в”ңв”Җв”Җв”Җrules_cc@0.2.17 (*) 
в”Ӯ       в””в”Җв”Җв”Җrules_license@1.0.0 (*) 
в”ңв”Җв”Җв”Җrules_go@0.61.1 
в”Ӯ   в”ңв”Җв”Җв”Җbazel_features@1.42.1 (*) 
в”Ӯ   в”ңв”Җв”Җв”Җbazel_skylib@1.9.0 (*) 
в”Ӯ   в”ңв”Җв”Җв”Җgazelle@0.51.3 (*) 
в”Ӯ   в”ңв”Җв”Җв”Җplatforms@1.1.0 (*) 
в”Ӯ   в”ңв”Җв”Җв”Җprotobuf@35.1 (*) 
в”Ӯ   в”ңв”Җв”Җв”Җrules_cc@0.2.17 (*) 
в”Ӯ   в”ңв”Җв”Җв”Җrules_proto@7.1.0 (*) 
в”Ӯ   в””в”Җв”Җв”Җrules_shell@0.6.1 (*) 
в””в”Җв”Җв”Җrules_proto@7.1.0 
    в”ңв”Җв”Җв”Җbazel_skylib@1.9.0 (*) 
    в”ңв”Җв”Җв”Җprotobuf@35.1 (*) 
    в”ңв”Җв”Җв”Җrules_cc@0.2.17 (*) 
    в””в”Җв”Җв”Җrules_license@1.0.0 (*) 

