INFO: Invocation ID: c3a563e5-a692-44ec-994f-9a6dfd2b73fe
ERROR: /home/exedev/gazel-port/.cache/worktrees/astral-sh__uv__rust-gazelle/crates/uv-normalize/src/BUILD.bazel:13:13: Compiling Rust rlib group_name (1 file) failed: (Exit 1): process_wrapper failed: error executing Rustc command (from rust_library rule target //crates/uv-normalize/src:group_name) bazel-out/k8-opt-exec/bin/external/rules_rust+/util/process_wrapper/process_wrapper --subst 'pwd=${pwd}' --subst 'exec_root=${exec_root}' --subst 'output_base=${output_base}' -- ... (remaining 22 arguments skipped)

Use --sandbox_debug to see verbose messages from the sandbox and retain the sandbox build root for debugging
error[E0433]: failed to resolve: use of unresolved module or unlinked crate `serde`
 --> crates/uv-normalize/src/group_name.rs:7:5
  |
7 | use serde::ser::SerializeSeq;
  |     ^^^^^ use of unresolved module or unlinked crate `serde`
  |
  = help: if you wanted to use a crate named `serde`, use `cargo add serde` to add it to your `Cargo.toml`

error[E0432]: unresolved import `serde`
 --> crates/uv-normalize/src/group_name.rs:8:5
  |
8 | use serde::{Deserialize, Deserializer, Serialize, Serializer};
  |     ^^^^^ use of unresolved module or unlinked crate `serde`
  |
  = help: if you wanted to use a crate named `serde`, use `cargo add serde` to add it to your `Cargo.toml`

error[E0432]: unresolved import `uv_small_str`
  --> crates/uv-normalize/src/group_name.rs:10:5
   |
10 | use uv_small_str::SmallString;
   |     ^^^^^^^^^^^^ use of unresolved module or unlinked crate `uv_small_str`
   |
   = help: if you wanted to use a crate named `uv_small_str`, use `cargo add uv_small_str` to add it to your `Cargo.toml`

error[E0432]: unresolved imports `crate::InvalidNameError`, `crate::InvalidPipGroupError`, `crate::InvalidPipGroupPathError`, `crate::validate_and_normalize_ref`
  --> crates/uv-normalize/src/group_name.rs:13:5
   |
13 |     InvalidNameError, InvalidPipGroupError, InvalidPipGroupPathError, validate_and_normalize_ref,
   |     ^^^^^^^^^^^^^^^^  ^^^^^^^^^^^^^^^^^^^^  ^^^^^^^^^^^^^^^^^^^^^^^^  ^^^^^^^^^^^^^^^^^^^^^^^^^^ no `validate_and_normalize_ref` in the root
   |     |                 |                     |
   |     |                 |                     no `InvalidPipGroupPathError` in the root
   |     |                 no `InvalidPipGroupError` in the root
   |     no `InvalidNameError` in the root

error[E0433]: failed to resolve: use of unresolved module or unlinked crate `rkyv`
  --> crates/uv-normalize/src/group_name.rs:29:5
   |
29 |     rkyv::Archive,
   |     ^^^^ use of unresolved module or unlinked crate `rkyv`

error[E0433]: failed to resolve: use of unresolved module or unlinked crate `rkyv`
  --> crates/uv-normalize/src/group_name.rs:30:5
   |
30 |     rkyv::Deserialize,
   |     ^^^^ use of unresolved module or unlinked crate `rkyv`

error[E0433]: failed to resolve: use of unresolved module or unlinked crate `rkyv`
  --> crates/uv-normalize/src/group_name.rs:31:5
   |
31 |     rkyv::Serialize,
   |     ^^^^ use of unresolved module or unlinked crate `rkyv`

error: cannot find attribute `rkyv` in this scope
  --> crates/uv-normalize/src/group_name.rs:34:3
   |
34 | #[rkyv(derive(Debug))]
   |   ^^^^

error[E0433]: failed to resolve: use of unresolved module or unlinked crate `serde`
  --> crates/uv-normalize/src/group_name.rs:67:14
   |
67 |         impl serde::de::Visitor<'_> for Visitor {
   |              ^^^^^ use of unresolved module or unlinked crate `serde`
   |
   = help: if you wanted to use a crate named `serde`, use `cargo add serde` to add it to your `Cargo.toml`

error[E0433]: failed to resolve: use of unresolved module or unlinked crate `serde`
  --> crates/uv-normalize/src/group_name.rs:74:29
   |
74 |             fn visit_str<E: serde::de::Error>(self, v: &str) -> Result<Self::Value, E> {
   |                             ^^^^^ use of unresolved module or unlinked crate `serde`
   |
   = help: if you wanted to use a crate named `serde`, use `cargo add serde` to add it to your `Cargo.toml`

error[E0433]: failed to resolve: use of unresolved module or unlinked crate `serde`
  --> crates/uv-normalize/src/group_name.rs:78:32
   |
78 |             fn visit_string<E: serde::de::Error>(self, v: String) -> Result<Self::Value, E> {
   |                                ^^^^^ use of unresolved module or unlinked crate `serde`
   |
   = help: if you wanted to use a crate named `serde`, use `cargo add serde` to add it to your `Cargo.toml`

error[E0433]: failed to resolve: use of unresolved module or unlinked crate `serde`
   --> crates/uv-normalize/src/group_name.rs:236:19
    |
236 |         impl<'de> serde::de::Visitor<'de> for StringOrVecVisitor {
    |                   ^^^^^ use of unresolved module or unlinked crate `serde`
    |
    = help: if you wanted to use a crate named `serde`, use `cargo add serde` to add it to your `Cargo.toml`

error[E0433]: failed to resolve: use of unresolved module or unlinked crate `serde`
   --> crates/uv-normalize/src/group_name.rs:245:20
    |
245 |                 E: serde::de::Error,
    |                    ^^^^^ use of unresolved module or unlinked crate `serde`
    |
    = help: if you wanted to use a crate named `serde`, use `cargo add serde` to add it to your `Cargo.toml`

error[E0433]: failed to resolve: use of unresolved module or unlinked crate `serde`
   --> crates/uv-normalize/src/group_name.rs:257:20
    |
257 |                 A: serde::de::SeqAccess<'de>,
    |                    ^^^^^ use of unresolved module or unlinked crate `serde`
    |
    = help: if you wanted to use a crate named `serde`, use `cargo add serde` to add it to your `Cargo.toml`

error[E0433]: failed to resolve: use of unresolved module or unlinked crate `serde`
  --> crates/uv-normalize/src/group_name.rs:75:48
   |
75 |                 GroupName::from_str(v).map_err(serde::de::Error::custom)
   |                                                ^^^^^ use of unresolved module or unlinked crate `serde`
   |
   = help: if you wanted to use a crate named `serde`, use `cargo add serde` to add it to your `Cargo.toml`
help: consider importing one of these items
   |
1  + use std::error::Error;
   |
1  + use std::fmt::Error;
   |
1  + use std::io::Error;
   |
1  + use core::error::Error;
   |
     and 1 other candidate
help: if you import `Error`, refer to it directly
   |
75 -                 GroupName::from_str(v).map_err(serde::de::Error::custom)
75 +                 GroupName::from_str(v).map_err(Error::custom)
   |

error[E0433]: failed to resolve: use of unresolved module or unlinked crate `serde`
  --> crates/uv-normalize/src/group_name.rs:79:50
   |
79 |                 GroupName::from_owned(v).map_err(serde::de::Error::custom)
   |                                                  ^^^^^ use of unresolved module or unlinked crate `serde`
   |
   = help: if you wanted to use a crate named `serde`, use `cargo add serde` to add it to your `Cargo.toml`
help: consider importing one of these items
   |
1  + use std::error::Error;
   |
1  + use std::fmt::Error;
   |
1  + use std::io::Error;
   |
1  + use core::error::Error;
   |
     and 1 other candidate
help: if you import `Error`, refer to it directly
   |
79 -                 GroupName::from_owned(v).map_err(serde::de::Error::custom)
79 +                 GroupName::from_owned(v).map_err(Error::custom)
   |

error[E0433]: failed to resolve: use of unresolved module or unlinked crate `serde`
   --> crates/uv-normalize/src/group_name.rs:151:36
    |
151 |         Self::from_str(&s).map_err(serde::de::Error::custom)
    |                                    ^^^^^ use of unresolved module or unlinked crate `serde`
    |
    = help: if you wanted to use a crate named `serde`, use `cargo add serde` to add it to your `Cargo.toml`
help: consider importing one of these items
    |
1   + use std::error::Error;
    |
1   + use std::fmt::Error;
    |
1   + use std::io::Error;
    |
1   + use core::error::Error;
    |
      and 1 other candidate
help: if you import `Error`, refer to it directly
    |
151 -         Self::from_str(&s).map_err(serde::de::Error::custom)
151 +         Self::from_str(&s).map_err(Error::custom)
    |

error[E0433]: failed to resolve: use of unresolved module or unlinked crate `serde`
   --> crates/uv-normalize/src/group_name.rs:248:32
    |
248 |                     return Err(serde::de::Error::custom(
    |                                ^^^^^ use of unresolved module or unlinked crate `serde`
    |
    = help: if you wanted to use a crate named `serde`, use `cargo add serde` to add it to your `Cargo.toml`
help: consider importing one of these items
    |
1   + use std::error::Error;
    |
1   + use std::fmt::Error;
    |
1   + use std::io::Error;
    |
1   + use core::error::Error;
    |
      and 1 other candidate
help: if you import `Error`, refer to it directly
    |
248 -                     return Err(serde::de::Error::custom(
248 +                     return Err(Error::custom(
    |

error[E0433]: failed to resolve: use of unresolved module or unlinked crate `serde`
   --> crates/uv-normalize/src/group_name.rs:210:6
    |
210 | impl serde::Serialize for DefaultGroups {
    |      ^^^^^ use of unresolved module or unlinked crate `serde`
    |
    = help: if you wanted to use a crate named `serde`, use `cargo add serde` to add it to your `Cargo.toml`

error[E0433]: failed to resolve: use of unresolved module or unlinked crate `serde`
   --> crates/uv-normalize/src/group_name.rs:213:12
    |
213 |         S: serde::Serializer,
    |            ^^^^^ use of unresolved module or unlinked crate `serde`
    |
    = help: if you wanted to use a crate named `serde`, use `cargo add serde` to add it to your `Cargo.toml`

error[E0433]: failed to resolve: use of unresolved module or unlinked crate `serde`
   --> crates/uv-normalize/src/group_name.rs:229:11
    |
229 | impl<'de> serde::Deserialize<'de> for DefaultGroups {
    |           ^^^^^ use of unresolved module or unlinked crate `serde`
    |
    = help: if you wanted to use a crate named `serde`, use `cargo add serde` to add it to your `Cargo.toml`

error[E0433]: failed to resolve: use of unresolved module or unlinked crate `serde`
   --> crates/uv-normalize/src/group_name.rs:232:12
    |
232 |         D: serde::Deserializer<'de>,
    |            ^^^^^ use of unresolved module or unlinked crate `serde`
    |
    = help: if you wanted to use a crate named `serde`, use `cargo add serde` to add it to your `Cargo.toml`

error: aborting due to 22 previous errors

Some errors have detailed explanations: E0432, E0433.
For more information about an error, try `rustc --explain E0432`.
INFO: Analyzed 7 targets (1 packages loaded, 30 targets configured).
Use --verbose_failures to see the command lines of failed build steps.
INFO: Elapsed time: 1.852s, Critical Path: 0.37s
INFO: 4 processes: 3 internal, 1 linux-sandbox.
ERROR: Build did NOT complete successfully
