@crates//:ambient-id
@crates//:ambient-id-0.0.11
@crates//:anstream
@crates//:anstream-1.0.0
@crates//:anyhow
@crates//:anyhow-1.0.102
@crates//:arcstr
@crates//:arcstr-1.2.0
@crates//:arrayvec
@crates//:arrayvec-0.7.6
@crates//:assert_cmd
@crates//:assert_cmd-2.2.2
@crates//:assert_fs
@crates//:assert_fs-1.1.4
@crates//:astral-pubgrub
@crates//:astral-pubgrub-0.3.3
@crates//:astral-reqwest-middleware
@crates//:astral-reqwest-middleware-0.5.1
@crates//:astral-reqwest-retry
@crates//:astral-reqwest-retry-0.9.1
@crates//:astral-tl
@crates//:astral-tl-0.7.11
@crates//:astral-tokio-tar
@crates//:astral-tokio-tar-0.6.2
@crates//:astral-version-ranges
@crates//:astral-version-ranges-0.1.4
@crates//:astral_async_http_range_reader
@crates//:astral_async_http_range_reader-0.11.0
@crates//:astral_async_zip
@crates//:astral_async_zip-0.0.18
@crates//:async-channel
@crates//:async-channel-2.5.0
@crates//:async-compression
@crates//:async-compression-0.4.19
@crates//:async-trait
@crates//:async-trait-0.1.89
@crates//:backon
@crates//:backon-1.6.0
@crates//:base64
@crates//:base64-0.22.1
@crates//:bitflags
@crates//:bitflags-2.13.0
@crates//:blake2
@crates//:blake2-0.10.6
@crates//:boxcar
@crates//:boxcar-0.2.14
@crates//:bytecheck
@crates//:bytecheck-0.8.2
@crates//:byteorder
@crates//:byteorder-1.5.0
@crates//:bytes
@crates//:bytes-1.11.1
@crates//:cargo-util
@crates//:cargo-util-0.2.28
@crates//:clap
@crates//:clap-4.6.1
@crates//:clap_complete_command
@crates//:clap_complete_command-0.6.1
@crates//:codspeed-criterion-compat-4.7.0
@crates//:configparser
@crates//:configparser-3.2.0
@crates//:console
@crates//:console-0.16.3
@crates//:criterion
@crates//:criterion-4.7.0
@crates//:csv
@crates//:csv-1.4.0
@crates//:ctrlc
@crates//:ctrlc-3.5.2
@crates//:cyclonedx-bom
@crates//:cyclonedx-bom-0.8.1
@crates//:dashmap
@crates//:dashmap-6.2.1
@crates//:data-encoding
@crates//:data-encoding-2.11.0
@crates//:diskus
@crates//:diskus-0.9.0
@crates//:dotenvy
@crates//:dotenvy-0.15.7
@crates//:dunce
@crates//:dunce-1.0.5
@crates//:either
@crates//:either-1.16.0
@crates//:embed-manifest
@crates//:embed-manifest-1.5.0
@crates//:encoding_rs_io
@crates//:encoding_rs_io-0.1.7
@crates//:enumflags2
@crates//:enumflags2-0.7.12
@crates//:env_logger
@crates//:env_logger-0.11.10
@crates//:etcetera
@crates//:etcetera-0.11.0
@crates//:fastrand
@crates//:fastrand-2.4.1
@crates//:filetime
@crates//:filetime-0.2.29
@crates//:flate2
@crates//:flate2-1.1.9
@crates//:fs-err
@crates//:fs-err-3.3.0
@crates//:futures
@crates//:futures-0.3.32
@crates//:futures-lite
@crates//:futures-lite-2.6.1
@crates//:glob
@crates//:glob-0.3.3
@crates//:globset
@crates//:globset-0.4.18
@crates//:globwalk
@crates//:globwalk-0.9.1
@crates//:goblin
@crates//:goblin-0.10.7
@crates//:h2
@crates//:h2-0.4.14
@crates//:hashbrown
@crates//:hashbrown-0.17.1
@crates//:hex
@crates//:hex-0.4.3
@crates//:html-escape
@crates//:html-escape-0.2.13
@crates//:http
@crates//:http-1.4.1
@crates//:http-body-util
@crates//:http-body-util-0.1.3
@crates//:hyper
@crates//:hyper-1.10.1
@crates//:hyper-util
@crates//:hyper-util-0.1.20
@crates//:ignore
@crates//:ignore-0.4.26
@crates//:indexmap
@crates//:indexmap-2.14.0
@crates//:indicatif
@crates//:indicatif-0.18.4
@crates//:indoc
@crates//:indoc-2.0.7
@crates//:insta
@crates//:insta-1.47.2
@crates//:itertools
@crates//:itertools-0.14.0
@crates//:jiff
@crates//:jiff-0.2.28
@crates//:junction
@crates//:junction-2.0.0
@crates//:mailparse
@crates//:mailparse-0.16.1
@crates//:markdown
@crates//:markdown-1.0.0
@crates//:md-5
@crates//:md-5-0.10.6
@crates//:memchr
@crates//:memchr-2.8.1
@crates//:miette
@crates//:miette-7.6.0
@crates//:mimalloc
@crates//:mimalloc-0.1.52
@crates//:nix
@crates//:nix-0.31.3
@crates//:open
@crates//:open-5.3.5
@crates//:owo-colors
@crates//:owo-colors-4.3.0
@crates//:path-slash
@crates//:path-slash-0.2.1
@crates//:pathdiff
@crates//:pathdiff-0.2.3
@crates//:percent-encoding
@crates//:percent-encoding-2.3.2
@crates//:petgraph
@crates//:petgraph-0.8.3
@crates//:predicates
@crates//:predicates-3.1.4
@crates//:pretty_assertions
@crates//:pretty_assertions-1.4.1
@crates//:proc-macro2
@crates//:proc-macro2-1.0.106
@crates//:procfs
@crates//:procfs-0.18.0
@crates//:quote
@crates//:quote-1.0.45
@crates//:rand
@crates//:rand-0.9.4
@crates//:rayon
@crates//:rayon-1.12.0
@crates//:rcgen
@crates//:rcgen-0.14.8
@crates//:ref-cast
@crates//:ref-cast-1.0.25
@crates//:reflink-copy
@crates//:reflink-copy-0.1.29
@crates//:regex
@crates//:regex-1.12.3
@crates//:regex-automata
@crates//:regex-automata-0.4.14
@crates//:reqsign
@crates//:reqsign-0.20.0
@crates//:reqwest
@crates//:reqwest-0.13.4
@crates//:rkyv
@crates//:rkyv-0.8.16
@crates//:rmp-serde
@crates//:rmp-serde-1.3.1
@crates//:rustc-hash
@crates//:rustc-hash-2.1.2
@crates//:rustix
@crates//:rustix-1.1.4
@crates//:rustls
@crates//:rustls-0.23.40
@crates//:rustls-native-certs
@crates//:rustls-native-certs-0.8.4
@crates//:rustls-pki-types
@crates//:rustls-pki-types-1.14.1
@crates//:rustls-webpki
@crates//:rustls-webpki-0.103.13
@crates//:same-file
@crates//:same-file-1.0.6
@crates//:schemars
@crates//:schemars-1.2.1
@crates//:seahash
@crates//:seahash-4.1.0
@crates//:secret-service
@crates//:secret-service-5.1.0
@crates//:security-framework
@crates//:security-framework-3.7.0
@crates//:self-replace
@crates//:self-replace-1.5.0
@crates//:serde
@crates//:serde-1.0.228
@crates//:serde-untagged
@crates//:serde-untagged-0.1.9
@crates//:serde_json
@crates//:serde_json-1.0.150
@crates//:serde_yaml
@crates//:serde_yaml-0.9.34+deprecated
@crates//:sha2
@crates//:sha2-0.10.9
@crates//:shellexpand
@crates//:shellexpand-3.1.2
@crates//:similar
@crates//:similar-3.1.1
@crates//:smallvec
@crates//:smallvec-1.15.1
@crates//:spdx
@crates//:spdx-0.13.4
@crates//:srcs
@crates//:syn
@crates//:syn-2.0.117
@crates//:target-lexicon
@crates//:target-lexicon-0.13.5
@crates//:temp-env
@crates//:temp-env-0.3.6
@crates//:tempfile
@crates//:tempfile-3.27.0
@crates//:terminal_size
@crates//:terminal_size-0.4.4
@crates//:test-case
@crates//:test-case-3.3.1
@crates//:test-log
@crates//:test-log-0.2.20
@crates//:textwrap
@crates//:textwrap-0.16.2
@crates//:thiserror
@crates//:thiserror-2.0.18
@crates//:tikv-jemallocator
@crates//:tikv-jemallocator-0.6.1
@crates//:tokio
@crates//:tokio-1.52.3
@crates//:tokio-rustls
@crates//:tokio-rustls-0.26.4
@crates//:tokio-stream
@crates//:tokio-stream-0.1.18
@crates//:tokio-util
@crates//:tokio-util-0.7.18
@crates//:toml
@crates//:toml-1.1.2+spec-1.1.0
@crates//:toml_datetime
@crates//:toml_datetime-1.1.1+spec-1.1.0
@crates//:toml_edit
@crates//:toml_edit-0.25.12+spec-1.1.0
@crates//:toml_parser
@crates//:toml_parser-1.1.2+spec-1.1.0
@crates//:tracing
@crates//:tracing-0.1.44
@crates//:tracing-durations-export
@crates//:tracing-durations-export-0.3.5
@crates//:tracing-subscriber
@crates//:tracing-subscriber-0.3.23
@crates//:tracing-test
@crates//:tracing-test-0.2.6
@crates//:tracing-tree
@crates//:tracing-tree-0.4.1
@crates//:unicode-width
@crates//:unicode-width-0.2.2
@crates//:unscanny
@crates//:unscanny-0.1.0
@crates//:url
@crates//:url-2.5.8
@crates//:uuid
@crates//:uuid-1.23.2
@crates//:uv
@crates//:uv-0.11.21
@crates//:uv-cli
@crates//:uv-cli-0.0.54
@crates//:uv-python
@crates//:uv-python-0.0.54
@crates//:walkdir
@crates//:walkdir-2.5.0
@crates//:webpki-root-certs
@crates//:webpki-root-certs-1.0.7
@crates//:which
@crates//:which-8.0.3
@crates//:windows
@crates//:windows-0.61.3
@crates//:windows-registry
@crates//:windows-registry-0.5.3
@crates//:windows-version
@crates//:windows-version-0.1.7
@crates//:wiremock
@crates//:wiremock-0.6.5
@crates//:x509-parser
@crates//:x509-parser-0.18.1
@crates//:xz2
@crates//:xz2-0.1.7
@crates//:zeroize
@crates//:zeroize-1.8.2
