//crates/uv-audit/src:lib
//crates/uv-audit/src:types
//crates/uv-audit/src/service:mod
//crates/uv-audit/src/service:osv
//crates/uv-audit/src/service:project_status
//crates/uv-auth/src:access_token
//crates/uv-auth/src:cache
//crates/uv-auth/src:credentials
//crates/uv-auth/src:index
//crates/uv-auth/src:keyring
//crates/uv-auth/src:lib
//crates/uv-auth/src:middleware
//crates/uv-auth/src:providers
//crates/uv-auth/src:pyx
//crates/uv-auth/src:realm
//crates/uv-auth/src:service
//crates/uv-auth/src:store
//crates/uv-bench/benches:uv
//crates/uv-bench/src:lib
//crates/uv-bin-install/src:lib
//crates/uv-build-backend/src:lib
//crates/uv-build-backend/src:metadata
//crates/uv-build-backend/src:serde_verbatim
//crates/uv-build-backend/src:settings
//crates/uv-build-backend/src:source_dist
//crates/uv-build-backend/src:wheel
//crates/uv-build-frontend/src:error
//crates/uv-build-frontend/src:lib
//crates/uv-build-frontend/src:pipreqs
//crates/uv-cache-info/src:cache_info
//crates/uv-cache-info/src:git_info
//crates/uv-cache-info/src:glob
//crates/uv-cache-info/src:lib
//crates/uv-cache-info/src:timestamp
//crates/uv-cache-key/src:cache_key
//crates/uv-cache-key/src:canonical_url
//crates/uv-cache-key/src:digest
//crates/uv-cache-key/src:lib
//crates/uv-cache/src:archive
//crates/uv-cache/src:by_timestamp
//crates/uv-cache/src:cli
//crates/uv-cache/src:lib
//crates/uv-cache/src:removal
//crates/uv-cache/src:wheel
//crates/uv-cli/src:comma
//crates/uv-cli/src:compat
//crates/uv-cli/src:lib
//crates/uv-cli/src:options
//crates/uv-cli/src:version
//crates/uv-client/src:base_client
//crates/uv-client/src:cached_client
//crates/uv-client/src:error
//crates/uv-client/src:flat_index
//crates/uv-client/src:html
//crates/uv-client/src:lib
//crates/uv-client/src:linehaul
//crates/uv-client/src:middleware
//crates/uv-client/src:registry_client
//crates/uv-client/src:remote_metadata
//crates/uv-client/src:retry
//crates/uv-client/src:rkyvutil
//crates/uv-client/src:tls
//crates/uv-client/src/httpcache:control
//crates/uv-client/src/httpcache:mod
//crates/uv-client/tests/it:cached_client
//crates/uv-client/tests/it:http_util
//crates/uv-client/tests/it:proxy
//crates/uv-client/tests/it:remote_metadata
//crates/uv-client/tests/it:ssl_certs
//crates/uv-client/tests/it:user_agent_version
//crates/uv-configuration/src:authentication
//crates/uv-configuration/src:build_options
//crates/uv-configuration/src:concurrency
//crates/uv-configuration/src:constraints
//crates/uv-configuration/src:dependency_groups
//crates/uv-configuration/src:dry_run
//crates/uv-configuration/src:editable
//crates/uv-configuration/src:env_file
//crates/uv-configuration/src:excludes
//crates/uv-configuration/src:export_format
//crates/uv-configuration/src:extras
//crates/uv-configuration/src:hash
//crates/uv-configuration/src:install_options
//crates/uv-configuration/src:lib
//crates/uv-configuration/src:name_specifiers
//crates/uv-configuration/src:overrides
//crates/uv-configuration/src:package_options
//crates/uv-configuration/src:project_build_backend
//crates/uv-configuration/src:proxy_url
//crates/uv-configuration/src:required_version
//crates/uv-configuration/src:sources
//crates/uv-configuration/src:target_triple
//crates/uv-configuration/src:threading
//crates/uv-configuration/src:trusted_host
//crates/uv-configuration/src:trusted_publishing
//crates/uv-configuration/src:vcs
//crates/uv-console/src:lib
//crates/uv-dev/src:clear_compile
//crates/uv-dev/src:compile
//crates/uv-dev/src:lib
//crates/uv-dev/src:list_packages
//crates/uv-dev/src:render_benchmarks
//crates/uv-dev/src:validate_zip
//crates/uv-dev/src:wheel_metadata
//crates/uv-dirs/src:lib
//crates/uv-dispatch/src:lib
//crates/uv-distribution-filename/src:build_tag
//crates/uv-distribution-filename/src:egg
//crates/uv-distribution-filename/src:expanded_tags
//crates/uv-distribution-filename/src:extension
//crates/uv-distribution-filename/src:lib
//crates/uv-distribution-filename/src:source_dist
//crates/uv-distribution-filename/src:splitter
//crates/uv-distribution-filename/src:wheel
//crates/uv-distribution-filename/src:wheel_tag
//crates/uv-distribution-types/src:annotation
//crates/uv-distribution-types/src:any
//crates/uv-distribution-types/src:build_info
//crates/uv-distribution-types/src:build_requires
//crates/uv-distribution-types/src:buildable
//crates/uv-distribution-types/src:cached
//crates/uv-distribution-types/src:config_settings
//crates/uv-distribution-types/src:dependency_metadata
//crates/uv-distribution-types/src:diagnostic
//crates/uv-distribution-types/src:dist_error
//crates/uv-distribution-types/src:error
//crates/uv-distribution-types/src:exclude_newer
//crates/uv-distribution-types/src:file
//crates/uv-distribution-types/src:hash
//crates/uv-distribution-types/src:id
//crates/uv-distribution-types/src:index
//crates/uv-distribution-types/src:index_name
//crates/uv-distribution-types/src:index_url
//crates/uv-distribution-types/src:installed
//crates/uv-distribution-types/src:installed_modules
//crates/uv-distribution-types/src:known_platform
//crates/uv-distribution-types/src:lib
//crates/uv-distribution-types/src:origin
//crates/uv-distribution-types/src:pip_index
//crates/uv-distribution-types/src:prioritized_distribution
//crates/uv-distribution-types/src:requested
//crates/uv-distribution-types/src:requirement
//crates/uv-distribution-types/src:requires_python
//crates/uv-distribution-types/src:resolution
//crates/uv-distribution-types/src:resolved
//crates/uv-distribution-types/src:specified_requirement
//crates/uv-distribution-types/src:status_code_strategy
//crates/uv-distribution-types/src:traits
//crates/uv-distribution/src:archive
//crates/uv-distribution/src:distribution_database
//crates/uv-distribution/src:download
//crates/uv-distribution/src:error
//crates/uv-distribution/src:hash
//crates/uv-distribution/src:lib
//crates/uv-distribution/src:reporter
//crates/uv-distribution/src/index:built_wheel_index
//crates/uv-distribution/src/index:cached_wheel
//crates/uv-distribution/src/index:mod
//crates/uv-distribution/src/index:registry_wheel_index
//crates/uv-distribution/src/metadata:build_requires
//crates/uv-distribution/src/metadata:dependency_groups
//crates/uv-distribution/src/metadata:lowering
//crates/uv-distribution/src/metadata:mod
//crates/uv-distribution/src/metadata:requires_dist
//crates/uv-distribution/src/source:built_wheel_metadata
//crates/uv-distribution/src/source:mod
//crates/uv-distribution/src/source:revision
//crates/uv-errors/src:lib
//crates/uv-errors/src:line_wrap
//crates/uv-extract/src:error
//crates/uv-extract/src:hash
//crates/uv-extract/src:lib
//crates/uv-extract/src:stream
//crates/uv-extract/src:sync
//crates/uv-extract/src/vendor:cloneable_seekable_reader
//crates/uv-extract/src/vendor:mod
//crates/uv-fastid/src:lib
//crates/uv-flags/src:lib
//crates/uv-fs/src:cachedir
//crates/uv-fs/src:lib
//crates/uv-fs/src:link
//crates/uv-fs/src:locked_file
//crates/uv-fs/src:path
//crates/uv-fs/src:which
//crates/uv-git-types/src:github
//crates/uv-git-types/src:lib
//crates/uv-git-types/src:oid
//crates/uv-git-types/src:reference
//crates/uv-git/src:credentials
//crates/uv-git/src:git
//crates/uv-git/src:lib
//crates/uv-git/src:rate_limit
//crates/uv-git/src:resolver
//crates/uv-git/src:source
//crates/uv-globfilter/src:glob_dir_filter
//crates/uv-globfilter/src:lib
//crates/uv-globfilter/src:portable_glob
//crates/uv-install-wheel/src:install
//crates/uv-install-wheel/src:lib
//crates/uv-install-wheel/src:linker
//crates/uv-install-wheel/src:record
//crates/uv-install-wheel/src:script
//crates/uv-install-wheel/src:uninstall
//crates/uv-install-wheel/src:wheel
//crates/uv-installer/src:compile
//crates/uv-installer/src:installer
//crates/uv-installer/src:lib
//crates/uv-installer/src:plan
//crates/uv-installer/src:preparer
//crates/uv-installer/src:satisfies
//crates/uv-installer/src:site_packages
//crates/uv-installer/src:uninstall
//crates/uv-keyring/src:blocking
//crates/uv-keyring/src:credential
//crates/uv-keyring/src:error
//crates/uv-keyring/src:lib
//crates/uv-keyring/src:macos
//crates/uv-keyring/src:mock
//crates/uv-keyring/src:secret_service
//crates/uv-keyring/src:windows
//crates/uv-keyring/tests/common:mod
//crates/uv-logging/src:lib
//crates/uv-macros/src:options_metadata
//crates/uv-metadata/src:lib
//crates/uv-netrc/src:lex
//crates/uv-netrc/src:lib
//crates/uv-netrc/src:netrc
//crates/uv-normalize/src:dist_info_name
//crates/uv-normalize/src:extra_name
//crates/uv-normalize/src:group_name
//crates/uv-normalize/src:lib
//crates/uv-normalize/src:package_name
//crates/uv-once-map/src:lib
//crates/uv-options-metadata/src:lib
//crates/uv-pep440/src:lib
//crates/uv-pep440/src:version
//crates/uv-pep440/src:version_ranges
//crates/uv-pep440/src:version_specifier
//crates/uv-pep508/src:cursor
//crates/uv-pep508/src:lib
//crates/uv-pep508/src:origin
//crates/uv-pep508/src:unnamed
//crates/uv-pep508/src:verbatim_url
//crates/uv-pep508/src/marker:algebra
//crates/uv-pep508/src/marker:environment
//crates/uv-pep508/src/marker:lowering
//crates/uv-pep508/src/marker:mod
//crates/uv-pep508/src/marker:parse
//crates/uv-pep508/src/marker:simplify
//crates/uv-pep508/src/marker:tree
//crates/uv-performance-memory-allocator/src:lib
//crates/uv-platform-tags/src:abi_tag
//crates/uv-platform-tags/src:language_tag
//crates/uv-platform-tags/src:lib
//crates/uv-platform-tags/src:platform
//crates/uv-platform-tags/src:platform_tag
//crates/uv-platform-tags/src:tags
//crates/uv-platform/src:arch
//crates/uv-platform/src:cpuinfo
//crates/uv-platform/src:host
//crates/uv-platform/src:lib
//crates/uv-platform/src:libc
//crates/uv-platform/src:os
//crates/uv-preview/src:lib
//crates/uv-publish/src:lib
//crates/uv-publish/src:trusted_publishing
//crates/uv-publish/src/trusted_publishing:pypi
//crates/uv-publish/src/trusted_publishing:pyx
//crates/uv-pypi-types/src:base_url
//crates/uv-pypi-types/src:conflicts
//crates/uv-pypi-types/src:dependency_groups
//crates/uv-pypi-types/src:direct_url
//crates/uv-pypi-types/src:identifier
//crates/uv-pypi-types/src:lenient_requirement
//crates/uv-pypi-types/src:lib
//crates/uv-pypi-types/src:marker_environment
//crates/uv-pypi-types/src:module_name
//crates/uv-pypi-types/src:parsed_url
//crates/uv-pypi-types/src:project_status
//crates/uv-pypi-types/src:scheme
//crates/uv-pypi-types/src:simple_json
//crates/uv-pypi-types/src:supported_environments
//crates/uv-pypi-types/src/metadata:build_requires
//crates/uv-pypi-types/src/metadata:metadata10
//crates/uv-pypi-types/src/metadata:metadata23
//crates/uv-pypi-types/src/metadata:metadata_resolver
//crates/uv-pypi-types/src/metadata:mod
//crates/uv-pypi-types/src/metadata:pyproject_toml
//crates/uv-pypi-types/src/metadata:requires_dist
//crates/uv-python/src:discovery
//crates/uv-python/src:downloads
//crates/uv-python/src:environment
//crates/uv-python/src:implementation
//crates/uv-python/src:installation
//crates/uv-python/src:interpreter
//crates/uv-python/src:lib
//crates/uv-python/src:macos_dylib
//crates/uv-python/src:managed
//crates/uv-python/src:microsoft_store
//crates/uv-python/src:pointer_size
//crates/uv-python/src:prefix
//crates/uv-python/src:python_version
//crates/uv-python/src:target
//crates/uv-python/src:version_files
//crates/uv-python/src:virtualenv
//crates/uv-python/src:windows_registry
//crates/uv-python/src/sysconfig:cursor
//crates/uv-python/src/sysconfig:generated_mappings
//crates/uv-python/src/sysconfig:mod
//crates/uv-python/src/sysconfig:parser
//crates/uv-python/src/sysconfig:replacements
//crates/uv-redacted/src:lib
//crates/uv-requirements-txt/src:lib
//crates/uv-requirements-txt/src:requirement
//crates/uv-requirements-txt/src:shquote
//crates/uv-requirements/src:extras
//crates/uv-requirements/src:lib
//crates/uv-requirements/src:lookahead
//crates/uv-requirements/src:source_tree
//crates/uv-requirements/src:sources
//crates/uv-requirements/src:specification
//crates/uv-requirements/src:unnamed
//crates/uv-requirements/src:upgrade
//crates/uv-resolver/src:candidate_selector
//crates/uv-resolver/src:dependency_mode
//crates/uv-resolver/src:dependency_provider
//crates/uv-resolver/src:error
//crates/uv-resolver/src:exclude_newer
//crates/uv-resolver/src:exclusions
//crates/uv-resolver/src:flat_index
//crates/uv-resolver/src:fork_indexes
//crates/uv-resolver/src:fork_strategy
//crates/uv-resolver/src:fork_urls
//crates/uv-resolver/src:graph_ops
//crates/uv-resolver/src:lib
//crates/uv-resolver/src:manifest
//crates/uv-resolver/src:marker
//crates/uv-resolver/src:options
//crates/uv-resolver/src:pins
//crates/uv-resolver/src:preferences
//crates/uv-resolver/src:prerelease
//crates/uv-resolver/src:python_requirement
//crates/uv-resolver/src:redirect
//crates/uv-resolver/src:resolution_mode
//crates/uv-resolver/src:universal_marker
//crates/uv-resolver/src:upgrade
//crates/uv-resolver/src:version_map
//crates/uv-resolver/src:yanks
//crates/uv-resolver/src/lock:installable
//crates/uv-resolver/src/lock:map
//crates/uv-resolver/src/lock:mod
//crates/uv-resolver/src/lock:tree
//crates/uv-resolver/src/lock/export:cyclonedx_json
//crates/uv-resolver/src/lock/export:metadata
//crates/uv-resolver/src/lock/export:mod
//crates/uv-resolver/src/lock/export:pylock_toml
//crates/uv-resolver/src/lock/export:requirements_txt
//crates/uv-resolver/src/pubgrub:dependencies
//crates/uv-resolver/src/pubgrub:mod
//crates/uv-resolver/src/pubgrub:package
//crates/uv-resolver/src/pubgrub:priority
//crates/uv-resolver/src/pubgrub:report
//crates/uv-resolver/src/resolution:display
//crates/uv-resolver/src/resolution:mod
//crates/uv-resolver/src/resolution:output
//crates/uv-resolver/src/resolution:requirements_txt
//crates/uv-resolver/src/resolver:availability
//crates/uv-resolver/src/resolver:batch_prefetch
//crates/uv-resolver/src/resolver:derivation
//crates/uv-resolver/src/resolver:environment
//crates/uv-resolver/src/resolver:fork_map
//crates/uv-resolver/src/resolver:index
//crates/uv-resolver/src/resolver:indexes
//crates/uv-resolver/src/resolver:mod
//crates/uv-resolver/src/resolver:provider
//crates/uv-resolver/src/resolver:reporter
//crates/uv-resolver/src/resolver:system
//crates/uv-resolver/src/resolver:urls
//crates/uv-scripts/src:lib
//crates/uv-settings/src:combine
//crates/uv-settings/src:lib
//crates/uv-settings/src:settings
//crates/uv-shell/src:lib
//crates/uv-shell/src:runnable
//crates/uv-shell/src:shlex
//crates/uv-shell/src:windows
//crates/uv-small-str/src:lib
//crates/uv-state/src:lib
//crates/uv-static/src:env_vars
//crates/uv-static/src:known_stdlib
//crates/uv-static/src:lib
//crates/uv-test/src:find_links
//crates/uv-test/src:http_server
//crates/uv-test/src:lib
//crates/uv-test/src:pypi_proxy
//crates/uv-test/src:vendor
//crates/uv-test/src/packse:mod
//crates/uv-test/src/packse:scenario
//crates/uv-test/src/packse:server
//crates/uv-test/src/packse:wheel
//crates/uv-toml/src:lib
//crates/uv-tool/src:lib
//crates/uv-tool/src:receipt
//crates/uv-tool/src:tool
//crates/uv-torch/src:accelerator
//crates/uv-torch/src:backend
//crates/uv-torch/src:lib
//crates/uv-trampoline-builder/src:lib
//crates/uv-trampoline/src:bounce
//crates/uv-trampoline/src:diagnostics
//crates/uv-trampoline/src:lib
//crates/uv-trampoline/src/bin:uv-trampoline-console
//crates/uv-trampoline/src/bin:uv-trampoline-gui
//crates/uv-types/src:builds
//crates/uv-types/src:downloads
//crates/uv-types/src:hash
//crates/uv-types/src:lib
//crates/uv-types/src:requirements
//crates/uv-types/src:traits
//crates/uv-unix/src:lib
//crates/uv-unix/src:resource_limits
//crates/uv-version/src:lib
//crates/uv-virtualenv/src:lib
//crates/uv-virtualenv/src:virtualenv
//crates/uv-warnings/src:lib
//crates/uv-windows/src:ctrl_handler
//crates/uv-windows/src:exception
//crates/uv-windows/src:job
//crates/uv-windows/src:lib
//crates/uv-windows/src:spawn
//crates/uv-windows/src:wine
//crates/uv-workspace/src:dependency_groups
//crates/uv-workspace/src:lib
//crates/uv-workspace/src:pyproject
//crates/uv-workspace/src:pyproject_mut
//crates/uv-workspace/src:workspace
//crates/uv/src:child
//crates/uv/src:install_source
//crates/uv/src:logging
//crates/uv/src:printer
//crates/uv/src:settings
//crates/uv/src/commands:build_backend
//crates/uv/src/commands:build_frontend
//crates/uv/src/commands:cache_clean
//crates/uv/src/commands:cache_dir
//crates/uv/src/commands:cache_prune
//crates/uv/src/commands:cache_size
//crates/uv/src/commands:diagnostics
//crates/uv/src/commands:editable
//crates/uv/src/commands:help
//crates/uv/src/commands:mod
//crates/uv/src/commands:publish
//crates/uv/src/commands:pylock
//crates/uv/src/commands:reporters
//crates/uv/src/commands:self_update
//crates/uv/src/commands:venv
//crates/uv/src/commands/auth:dir
//crates/uv/src/commands/auth:helper
//crates/uv/src/commands/auth:login
//crates/uv/src/commands/auth:logout
//crates/uv/src/commands/auth:mod
//crates/uv/src/commands/auth:token
//crates/uv/src/commands/pip:check
//crates/uv/src/commands/pip:compile
//crates/uv/src/commands/pip:freeze
//crates/uv/src/commands/pip:install
//crates/uv/src/commands/pip:latest
//crates/uv/src/commands/pip:list
//crates/uv/src/commands/pip:loggers
//crates/uv/src/commands/pip:mod
//crates/uv/src/commands/pip:operations
//crates/uv/src/commands/pip:show
//crates/uv/src/commands/pip:sync
//crates/uv/src/commands/pip:tree
//crates/uv/src/commands/pip:uninstall
//crates/uv/src/commands/project:add
//crates/uv/src/commands/project:audit
//crates/uv/src/commands/project:check
//crates/uv/src/commands/project:environment
//crates/uv/src/commands/project:export
//crates/uv/src/commands/project:format
//crates/uv/src/commands/project:init
//crates/uv/src/commands/project:install_target
//crates/uv/src/commands/project:lock
//crates/uv/src/commands/project:lock_target
//crates/uv/src/commands/project:mod
//crates/uv/src/commands/project:remove
//crates/uv/src/commands/project:run
//crates/uv/src/commands/project:sync
//crates/uv/src/commands/project:tree
//crates/uv/src/commands/project:upgrade
//crates/uv/src/commands/project:version
//crates/uv/src/commands/project/check:ty
//crates/uv/src/commands/python:dir
//crates/uv/src/commands/python:find
//crates/uv/src/commands/python:install
//crates/uv/src/commands/python:list
//crates/uv/src/commands/python:mod
//crates/uv/src/commands/python:pin
//crates/uv/src/commands/python:uninstall
//crates/uv/src/commands/python:update_shell
//crates/uv/src/commands/tool:common
//crates/uv/src/commands/tool:dir
//crates/uv/src/commands/tool:install
//crates/uv/src/commands/tool:list
//crates/uv/src/commands/tool:mod
//crates/uv/src/commands/tool:run
//crates/uv/src/commands/tool:uninstall
//crates/uv/src/commands/tool:update_shell
//crates/uv/src/commands/tool:upgrade
//crates/uv/src/commands/workspace:dir
//crates/uv/src/commands/workspace:list
//crates/uv/src/commands/workspace:metadata
//crates/uv/src/commands/workspace:mod
//crates/uv/src/commands/workspace:module_owners
//crates/uv/tests/build:audit
//crates/uv/tests/build:build
//crates/uv/tests/build:build_backend
//crates/uv/tests/build:cache
//crates/uv/tests/build:cache_clean
//crates/uv/tests/build:cache_prune
//crates/uv/tests/build:cache_size
//crates/uv/tests/build:extract
//crates/uv/tests/it:auth
//crates/uv/tests/it:branching_urls
//crates/uv/tests/it:ecosystem
//crates/uv/tests/it:help
//crates/uv/tests/it:network
//crates/uv/tests/it:publish
//crates/uv/tests/it:self_update
//crates/uv/tests/it:upgrade
//crates/uv/tests/it:version
//crates/uv/tests/lock:lock
//crates/uv/tests/lock_scenarios:lock_conflict
//crates/uv/tests/lock_scenarios:lock_exclude_newer_relative
//crates/uv/tests/lock_scenarios:lock_scenarios
//crates/uv/tests/pip:pip_check
//crates/uv/tests/pip:pip_compile_scenarios
//crates/uv/tests/pip:pip_debug
//crates/uv/tests/pip:pip_exclude_newer_relative
//crates/uv/tests/pip:pip_freeze
//crates/uv/tests/pip:pip_install_scenarios
//crates/uv/tests/pip:pip_list
//crates/uv/tests/pip:pip_show
//crates/uv/tests/pip:pip_sync
//crates/uv/tests/pip:pip_tree
//crates/uv/tests/pip:pip_uninstall
//crates/uv/tests/pip_compile:pip_compile
//crates/uv/tests/pip_install:pip_install
//crates/uv/tests/project:check
//crates/uv/tests/project:edit
//crates/uv/tests/project:export
//crates/uv/tests/project:format
//crates/uv/tests/project:init
//crates/uv/tests/project:run
//crates/uv/tests/project:tree
//crates/uv/tests/project:workflow
//crates/uv/tests/python:python_dir
//crates/uv/tests/python:python_find
//crates/uv/tests/python:python_install
//crates/uv/tests/python:python_list
//crates/uv/tests/python:python_module
//crates/uv/tests/python:python_pin
//crates/uv/tests/python:python_upgrade
//crates/uv/tests/python:venv
//crates/uv/tests/sync:show_settings
//crates/uv/tests/sync:sync
//crates/uv/tests/tool:tool_dir
//crates/uv/tests/tool:tool_install
//crates/uv/tests/tool:tool_list
//crates/uv/tests/tool:tool_run
//crates/uv/tests/tool:tool_uninstall
//crates/uv/tests/tool:tool_upgrade
//crates/uv/tests/workspace:workspace
//crates/uv/tests/workspace:workspace_dir
//crates/uv/tests/workspace:workspace_list
//crates/uv/tests/workspace:workspace_metadata
