<root> (uv@0.0.0)
тФЬтФАтФАтФАbazel_skylib@1.9.0 
тФВ   тФЬтФАтФАтФАplatforms@1.1.0 (*) 
тФВ   тФФтФАтФАтФАrules_license@1.0.0 
тФЬтФАтФАтФАgazelle@0.51.3 
тФВ   тФЬтФАтФАтФАbazel_skylib@1.9.0 (*) 
тФВ   тФЬтФАтФАтФАrules_cc@0.2.19 (*) 
тФВ   тФЬтФАтФАтФАrules_license@1.0.0 (*) 
тФВ   тФЬтФАтФАтФАbazel_features@1.47.0 
тФВ   тФВ   тФФтФАтФАтФАbazel_skylib@1.9.0 (*) 
тФВ   тФЬтФАтФАтФАpackage_metadata@0.0.5 
тФВ   тФЬтФАтФАтФАprotobuf@33.4 
тФВ   тФВ   тФЬтФАтФАтФАapple_support@1.24.2 (*) 
тФВ   тФВ   тФЬтФАтФАтФАbazel_features@1.47.0 (*) 
тФВ   тФВ   тФЬтФАтФАтФАbazel_skylib@1.9.0 (*) 
тФВ   тФВ   тФЬтФАтФАтФАplatforms@1.1.0 (*) 
тФВ   тФВ   тФЬтФАтФАтФАrules_cc@0.2.19 (*) 
тФВ   тФВ   тФЬтФАтФАтФАrules_license@1.0.0 (*) 
тФВ   тФВ   тФЬтФАтФАтФАrules_proto@7.1.0 (*) 
тФВ   тФВ   тФЬтФАтФАтФАrules_shell@0.6.1 (*) 
тФВ   тФВ   тФЬтФАтФАтФАabseil-cpp@20250814.1 
тФВ   тФВ   тФВ   тФЬтФАтФАтФАbazel_skylib@1.9.0 (*) 
тФВ   тФВ   тФВ   тФЬтФАтФАтФАplatforms@1.1.0 (*) 
тФВ   тФВ   тФВ   тФЬтФАтФАтФАrules_cc@0.2.19 (*) 
тФВ   тФВ   тФВ   тФФтФАтФАтФАgoogletest@1.17.0 
тФВ   тФВ   тФВ       тФЬтФАтФАтФАabseil-cpp@20250814.1 (cycle) 
тФВ   тФВ   тФВ       тФЬтФАтФАтФАplatforms@1.1.0 (*) 
тФВ   тФВ   тФВ       тФФтФАтФАтФАre2@2024-07-02.bcr.1 (*) 
тФВ   тФВ   тФЬтФАтФАтФАjsoncpp@1.9.6 
тФВ   тФВ   тФЬтФАтФАтФАre2@2024-07-02.bcr.1 
тФВ   тФВ   тФВ   тФЬтФАтФАтФАabseil-cpp@20250814.1 (*) 
тФВ   тФВ   тФВ   тФЬтФАтФАтФАapple_support@1.24.2 (*) 
тФВ   тФВ   тФВ   тФЬтФАтФАтФАplatforms@1.1.0 (*) 
тФВ   тФВ   тФВ   тФЬтФАтФАтФАrules_cc@0.2.19 (*) 
тФВ   тФВ   тФВ   тФЬтФАтФАтФАrules_python@1.7.0 (*) 
тФВ   тФВ   тФВ   тФФтФАтФАтФАpybind11_bazel@2.12.0 
тФВ   тФВ   тФВ       тФЬтФАтФАтФАbazel_skylib@1.9.0 (*) 
тФВ   тФВ   тФВ       тФЬтФАтФАтФАplatforms@1.1.0 (*) 
тФВ   тФВ   тФВ       тФЬтФАтФАтФАrules_cc@0.2.19 (*) 
тФВ   тФВ   тФВ       тФФтФАтФАтФАrules_python@1.7.0 (*) 
тФВ   тФВ   тФЬтФАтФАтФАrules_apple@4.1.0 
тФВ   тФВ   тФВ   тФЬтФАтФАтФАapple_support@1.24.2 (*) 
тФВ   тФВ   тФВ   тФЬтФАтФАтФАbazel_features@1.47.0 (*) 
тФВ   тФВ   тФВ   тФЬтФАтФАтФАbazel_skylib@1.9.0 (*) 
тФВ   тФВ   тФВ   тФЬтФАтФАтФАplatforms@1.1.0 (*) 
тФВ   тФВ   тФВ   тФЬтФАтФАтФАrules_cc@0.2.19 (*) 
тФВ   тФВ   тФВ   тФЬтФАтФАтФАrules_python@1.7.0 (*) 
тФВ   тФВ   тФВ   тФЬтФАтФАтФАrules_shell@0.6.1 (*) 
тФВ   тФВ   тФВ   тФФтФАтФАтФАrules_swift@3.1.2 
тФВ   тФВ   тФВ       тФЬтФАтФАтФАprotobuf@33.4 (cycle) 
тФВ   тФВ   тФВ       тФЬтФАтФАтФАapple_support@1.24.2 (*) 
тФВ   тФВ   тФВ       тФЬтФАтФАтФАbazel_features@1.47.0 (*) 
тФВ   тФВ   тФВ       тФЬтФАтФАтФАbazel_skylib@1.9.0 (*) 
тФВ   тФВ   тФВ       тФЬтФАтФАтФАplatforms@1.1.0 (*) 
тФВ   тФВ   тФВ       тФЬтФАтФАтФАrules_cc@0.2.19 (*) 
тФВ   тФВ   тФВ       тФЬтФАтФАтФАrules_shell@0.6.1 (*) 
тФВ   тФВ   тФВ       тФЬтФАтФАтФАnlohmann_json@3.6.1 
тФВ   тФВ   тФВ       тФФтФАтФАтФАswift_argument_parser@1.3.1.2 
тФВ   тФВ   тФВ           тФЬтФАтФАтФАrules_swift@3.1.2 (cycle) 
тФВ   тФВ   тФВ           тФФтФАтФАтФАapple_support@1.24.2 (*) 
тФВ   тФВ   тФЬтФАтФАтФАrules_java@9.1.0 
тФВ   тФВ   тФВ   тФЬтФАтФАтФАprotobuf@33.4 (cycle) 
тФВ   тФВ   тФВ   тФЬтФАтФАтФАabseil-cpp@20250814.1 (*) 
тФВ   тФВ   тФВ   тФЬтФАтФАтФАbazel_features@1.47.0 (*) 
тФВ   тФВ   тФВ   тФЬтФАтФАтФАbazel_skylib@1.9.0 (*) 
тФВ   тФВ   тФВ   тФЬтФАтФАтФАplatforms@1.1.0 (*) 
тФВ   тФВ   тФВ   тФЬтФАтФАтФАrules_cc@0.2.19 (*) 
тФВ   тФВ   тФВ   тФЬтФАтФАтФАrules_license@1.0.0 (*) 
тФВ   тФВ   тФВ   тФФтФАтФАтФАzlib@1.3.1.bcr.5 (*) 
тФВ   тФВ   тФЬтФАтФАтФАrules_jvm_external@6.7 
тФВ   тФВ   тФВ   тФЬтФАтФАтФАbazel_features@1.47.0 (*) 
тФВ   тФВ   тФВ   тФЬтФАтФАтФАbazel_skylib@1.9.0 (*) 
тФВ   тФВ   тФВ   тФЬтФАтФАтФАplatforms@1.1.0 (*) 
тФВ   тФВ   тФВ   тФЬтФАтФАтФАrules_java@9.1.0 (*) 
тФВ   тФВ   тФВ   тФЬтФАтФАтФАrules_kotlin@1.9.6 (*) 
тФВ   тФВ   тФВ   тФЬтФАтФАтФАrules_license@1.0.0 (*) 
тФВ   тФВ   тФВ   тФЬтФАтФАтФАrules_shell@0.6.1 (*) 
тФВ   тФВ   тФВ   тФФтФАтФАтФАrules_android@0.1.1 
тФВ   тФВ   тФЬтФАтФАтФАrules_kotlin@1.9.6 
тФВ   тФВ   тФВ   тФЬтФАтФАтФАbazel_skylib@1.9.0 (*) 
тФВ   тФВ   тФВ   тФЬтФАтФАтФАplatforms@1.1.0 (*) 
тФВ   тФВ   тФВ   тФЬтФАтФАтФАrules_cc@0.2.19 (*) 
тФВ   тФВ   тФВ   тФЬтФАтФАтФАrules_java@9.1.0 (*) 
тФВ   тФВ   тФВ   тФЬтФАтФАтФАrules_proto@7.1.0 (*) 
тФВ   тФВ   тФВ   тФФтФАтФАтФАrules_python@1.7.0 (*) 
тФВ   тФВ   тФЬтФАтФАтФАrules_pkg@1.0.1 
тФВ   тФВ   тФВ   тФЬтФАтФАтФАbazel_skylib@1.9.0 (*) 
тФВ   тФВ   тФВ   тФЬтФАтФАтФАrules_license@1.0.0 (*) 
тФВ   тФВ   тФВ   тФФтФАтФАтФАrules_python@1.7.0 (*) 
тФВ   тФВ   тФЬтФАтФАтФАrules_python@1.7.0 
тФВ   тФВ   тФВ   тФЬтФАтФАтФАprotobuf@33.4 (cycle) 
тФВ   тФВ   тФВ   тФЬтФАтФАтФАbazel_features@1.47.0 (*) 
тФВ   тФВ   тФВ   тФЬтФАтФАтФАbazel_skylib@1.9.0 (*) 
тФВ   тФВ   тФВ   тФЬтФАтФАтФАplatforms@1.1.0 (*) 
тФВ   тФВ   тФВ   тФЬтФАтФАтФАrules_cc@0.2.19 (*) 
тФВ   тФВ   тФВ   тФФтФАтФАтФАstardoc@0.7.2 
тФВ   тФВ   тФВ       тФЬтФАтФАтФАprotobuf@33.4 (cycle) 
тФВ   тФВ   тФВ       тФЬтФАтФАтФАbazel_skylib@1.9.0 (*) 
тФВ   тФВ   тФВ       тФЬтФАтФАтФАrules_java@9.1.0 (*) 
тФВ   тФВ   тФВ       тФЬтФАтФАтФАrules_jvm_external@6.7 (*) 
тФВ   тФВ   тФВ       тФФтФАтФАтФАrules_license@1.0.0 (*) 
тФВ   тФВ   тФФтФАтФАтФАzlib@1.3.1.bcr.5 
тФВ   тФВ       тФЬтФАтФАтФАplatforms@1.1.0 (*) 
тФВ   тФВ       тФЬтФАтФАтФАrules_cc@0.2.19 (*) 
тФВ   тФВ       тФФтФАтФАтФАrules_license@1.0.0 (*) 
тФВ   тФЬтФАтФАтФАrules_go@0.59.0 
тФВ   тФВ   тФЬтФАтФАтФАgazelle@0.51.3 (cycle) 
тФВ   тФВ   тФЬтФАтФАтФАbazel_features@1.47.0 (*) 
тФВ   тФВ   тФЬтФАтФАтФАbazel_skylib@1.9.0 (*) 
тФВ   тФВ   тФЬтФАтФАтФАplatforms@1.1.0 (*) 
тФВ   тФВ   тФЬтФАтФАтФАprotobuf@33.4 (*) 
тФВ   тФВ   тФЬтФАтФАтФАrules_cc@0.2.19 (*) 
тФВ   тФВ   тФЬтФАтФАтФАrules_proto@7.1.0 (*) 
тФВ   тФВ   тФФтФАтФАтФАrules_shell@0.6.1 (*) 
тФВ   тФФтФАтФАтФАrules_shell@0.6.1 
тФВ       тФЬтФАтФАтФАbazel_features@1.47.0 (*) 
тФВ       тФЬтФАтФАтФАbazel_skylib@1.9.0 (*) 
тФВ       тФФтФАтФАтФАplatforms@1.1.0 (*) 
тФЬтФАтФАтФАgazelle_rust@0.1.0 
тФВ   тФЬтФАтФАтФАgazelle@0.51.3 (*) 
тФВ   тФЬтФАтФАтФАrules_go@0.59.0 (*) 
тФВ   тФЬтФАтФАтФАrules_rust@0.70.0 (*) 
тФВ   тФЬтФАтФАтФАrules_shell@0.6.1 (*) 
тФВ   тФЬтФАтФАтФАrules_proto@7.1.0 
тФВ   тФВ   тФЬтФАтФАтФАbazel_skylib@1.9.0 (*) 
тФВ   тФВ   тФЬтФАтФАтФАprotobuf@33.4 (*) 
тФВ   тФВ   тФЬтФАтФАтФАrules_cc@0.2.19 (*) 
тФВ   тФВ   тФФтФАтФАтФАrules_license@1.0.0 (*) 
тФВ   тФФтФАтФАтФАrules_rust_prost@0.67.0 
тФВ       тФЬтФАтФАтФАbazel_features@1.47.0 (*) 
тФВ       тФЬтФАтФАтФАbazel_skylib@1.9.0 (*) 
тФВ       тФЬтФАтФАтФАplatforms@1.1.0 (*) 
тФВ       тФЬтФАтФАтФАprotobuf@33.4 (*) 
тФВ       тФЬтФАтФАтФАrules_cc@0.2.19 (*) 
тФВ       тФЬтФАтФАтФАrules_proto@7.1.0 (*) 
тФВ       тФФтФАтФАтФАrules_rust@0.70.0 (*) 
тФЬтФАтФАтФАplatforms@1.1.0 
тФВ   тФЬтФАтФАтФАpackage_metadata@0.0.5 (*) 
тФВ   тФФтФАтФАтФАrules_license@1.0.0 (*) 
тФЬтФАтФАтФАrules_cc@0.2.19 
тФВ   тФЬтФАтФАтФАbazel_features@1.47.0 (*) 
тФВ   тФЬтФАтФАтФАbazel_skylib@1.9.0 (*) 
тФВ   тФЬтФАтФАтФАplatforms@1.1.0 (*) 
тФВ   тФФтФАтФАтФАprotobuf@33.4 (*) 
тФФтФАтФАтФАrules_rust@0.70.0 
    тФЬтФАтФАтФАbazel_features@1.47.0 (*) 
    тФЬтФАтФАтФАbazel_skylib@1.9.0 (*) 
    тФЬтФАтФАтФАplatforms@1.1.0 (*) 
    тФЬтФАтФАтФАrules_cc@0.2.19 (*) 
    тФЬтФАтФАтФАrules_license@1.0.0 (*) 
    тФЬтФАтФАтФАrules_shell@0.6.1 (*) 
    тФФтФАтФАтФАapple_support@1.24.2 
        тФЬтФАтФАтФАbazel_features@1.47.0 (*) 
        тФЬтФАтФАтФАbazel_skylib@1.9.0 (*) 
        тФЬтФАтФАтФАplatforms@1.1.0 (*) 
        тФФтФАтФАтФАrules_cc@0.2.19 (*) 

