<root> (flask@0.0.0)
в”ңв”Җв”Җв”Җgazelle@0.50.0 
в”Ӯ   в”ңв”Җв”Җв”Җbazel_features@1.45.0 
в”Ӯ   в”Ӯ   в””в”Җв”Җв”Җbazel_skylib@1.9.0 (*) 
в”Ӯ   в”ңв”Җв”Җв”Җbazel_skylib@1.9.0 
в”Ӯ   в”Ӯ   в”ңв”Җв”Җв”Җplatforms@1.1.0 (*) 
в”Ӯ   в”Ӯ   в””в”Җв”Җв”Җrules_license@1.0.0 (*) 
в”Ӯ   в”ңв”Җв”Җв”Җpackage_metadata@0.0.7 
в”Ӯ   в”ңв”Җв”Җв”Җprotobuf@34.0.bcr.1 
в”Ӯ   в”Ӯ   в”ңв”Җв”Җв”Җbazel_features@1.45.0 (*) 
в”Ӯ   в”Ӯ   в”ңв”Җв”Җв”Җbazel_skylib@1.9.0 (*) 
в”Ӯ   в”Ӯ   в”ңв”Җв”Җв”Җplatforms@1.1.0 (*) 
в”Ӯ   в”Ӯ   в”ңв”Җв”Җв”Җrules_cc@0.2.18 (*) 
в”Ӯ   в”Ӯ   в”ңв”Җв”Җв”Җrules_license@1.0.0 (*) 
в”Ӯ   в”Ӯ   в”ңв”Җв”Җв”Җrules_python@2.0.2 (*) 
в”Ӯ   в”Ӯ   в”ңв”Җв”Җв”Җrules_shell@0.6.1 (*) 
в”Ӯ   в”Ӯ   в”ңв”Җв”Җв”Җabseil-cpp@20250814.1 
в”Ӯ   в”Ӯ   в”Ӯ   в”ңв”Җв”Җв”Җbazel_skylib@1.9.0 (*) 
в”Ӯ   в”Ӯ   в”Ӯ   в”ңв”Җв”Җв”Җplatforms@1.1.0 (*) 
в”Ӯ   в”Ӯ   в”Ӯ   в”ңв”Җв”Җв”Җrules_cc@0.2.18 (*) 
в”Ӯ   в”Ӯ   в”Ӯ   в””в”Җв”Җв”Җgoogletest@1.17.0 
в”Ӯ   в”Ӯ   в”Ӯ       в”ңв”Җв”Җв”Җabseil-cpp@20250814.1 (cycle) 
в”Ӯ   в”Ӯ   в”Ӯ       в”ңв”Җв”Җв”Җplatforms@1.1.0 (*) 
в”Ӯ   в”Ӯ   в”Ӯ       в””в”Җв”Җв”Җre2@2024-07-02.bcr.1 (*) 
в”Ӯ   в”Ӯ   в”ңв”Җв”Җв”Җapple_support@1.24.2 
в”Ӯ   в”Ӯ   в”Ӯ   в”ңв”Җв”Җв”Җbazel_features@1.45.0 (*) 
в”Ӯ   в”Ӯ   в”Ӯ   в”ңв”Җв”Җв”Җbazel_skylib@1.9.0 (*) 
в”Ӯ   в”Ӯ   в”Ӯ   в”ңв”Җв”Җв”Җplatforms@1.1.0 (*) 
в”Ӯ   в”Ӯ   в”Ӯ   в””в”Җв”Җв”Җrules_cc@0.2.18 (*) 
в”Ӯ   в”Ӯ   в”ңв”Җв”Җв”Җjsoncpp@1.9.6 
в”Ӯ   в”Ӯ   в”ңв”Җв”Җв”Җre2@2024-07-02.bcr.1 
в”Ӯ   в”Ӯ   в”Ӯ   в”ңв”Җв”Җв”Җabseil-cpp@20250814.1 (*) 
в”Ӯ   в”Ӯ   в”Ӯ   в”ңв”Җв”Җв”Җapple_support@1.24.2 (*) 
в”Ӯ   в”Ӯ   в”Ӯ   в”ңв”Җв”Җв”Җplatforms@1.1.0 (*) 
в”Ӯ   в”Ӯ   в”Ӯ   в”ңв”Җв”Җв”Җrules_cc@0.2.18 (*) 
в”Ӯ   в”Ӯ   в”Ӯ   в”ңв”Җв”Җв”Җrules_python@2.0.2 (*) 
в”Ӯ   в”Ӯ   в”Ӯ   в””в”Җв”Җв”Җpybind11_bazel@2.12.0 
в”Ӯ   в”Ӯ   в”Ӯ       в”ңв”Җв”Җв”Җbazel_skylib@1.9.0 (*) 
в”Ӯ   в”Ӯ   в”Ӯ       в”ңв”Җв”Җв”Җplatforms@1.1.0 (*) 
в”Ӯ   в”Ӯ   в”Ӯ       в”ңв”Җв”Җв”Җrules_cc@0.2.18 (*) 
в”Ӯ   в”Ӯ   в”Ӯ       в””в”Җв”Җв”Җrules_python@2.0.2 (*) 
в”Ӯ   в”Ӯ   в”ңв”Җв”Җв”Җrules_java@9.1.0 
в”Ӯ   в”Ӯ   в”Ӯ   в”ңв”Җв”Җв”Җprotobuf@34.0.bcr.1 (cycle) 
в”Ӯ   в”Ӯ   в”Ӯ   в”ңв”Җв”Җв”Җabseil-cpp@20250814.1 (*) 
в”Ӯ   в”Ӯ   в”Ӯ   в”ңв”Җв”Җв”Җbazel_features@1.45.0 (*) 
в”Ӯ   в”Ӯ   в”Ӯ   в”ңв”Җв”Җв”Җbazel_skylib@1.9.0 (*) 
в”Ӯ   в”Ӯ   в”Ӯ   в”ңв”Җв”Җв”Җplatforms@1.1.0 (*) 
в”Ӯ   в”Ӯ   в”Ӯ   в”ңв”Җв”Җв”Җrules_cc@0.2.18 (*) 
в”Ӯ   в”Ӯ   в”Ӯ   в”ңв”Җв”Җв”Җrules_license@1.0.0 (*) 
в”Ӯ   в”Ӯ   в”Ӯ   в””в”Җв”Җв”Җzlib@1.3.1.bcr.5 (*) 
в”Ӯ   в”Ӯ   в”ңв”Җв”Җв”Җrules_jvm_external@6.7 
в”Ӯ   в”Ӯ   в”Ӯ   в”ңв”Җв”Җв”Җbazel_features@1.45.0 (*) 
в”Ӯ   в”Ӯ   в”Ӯ   в”ңв”Җв”Җв”Җbazel_skylib@1.9.0 (*) 
в”Ӯ   в”Ӯ   в”Ӯ   в”ңв”Җв”Җв”Җplatforms@1.1.0 (*) 
в”Ӯ   в”Ӯ   в”Ӯ   в”ңв”Җв”Җв”Җrules_java@9.1.0 (*) 
в”Ӯ   в”Ӯ   в”Ӯ   в”ңв”Җв”Җв”Җrules_kotlin@1.9.6 (*) 
в”Ӯ   в”Ӯ   в”Ӯ   в”ңв”Җв”Җв”Җrules_license@1.0.0 (*) 
в”Ӯ   в”Ӯ   в”Ӯ   в”ңв”Җв”Җв”Җrules_shell@0.6.1 (*) 
в”Ӯ   в”Ӯ   в”Ӯ   в””в”Җв”Җв”Җrules_android@0.1.1 
в”Ӯ   в”Ӯ   в”ңв”Җв”Җв”Җrules_kotlin@1.9.6 
в”Ӯ   в”Ӯ   в”Ӯ   в”ңв”Җв”Җв”Җbazel_skylib@1.9.0 (*) 
в”Ӯ   в”Ӯ   в”Ӯ   в”ңв”Җв”Җв”Җplatforms@1.1.0 (*) 
в”Ӯ   в”Ӯ   в”Ӯ   в”ңв”Җв”Җв”Җrules_cc@0.2.18 (*) 
в”Ӯ   в”Ӯ   в”Ӯ   в”ңв”Җв”Җв”Җrules_java@9.1.0 (*) 
в”Ӯ   в”Ӯ   в”Ӯ   в”ңв”Җв”Җв”Җrules_proto@7.1.0 (*) 
в”Ӯ   в”Ӯ   в”Ӯ   в””в”Җв”Җв”Җrules_python@2.0.2 (*) 
в”Ӯ   в”Ӯ   в”ңв”Җв”Җв”Җrules_pkg@1.0.1 
в”Ӯ   в”Ӯ   в”Ӯ   в”ңв”Җв”Җв”Җbazel_skylib@1.9.0 (*) 
в”Ӯ   в”Ӯ   в”Ӯ   в”ңв”Җв”Җв”Җrules_license@1.0.0 (*) 
в”Ӯ   в”Ӯ   в”Ӯ   в””в”Җв”Җв”Җrules_python@2.0.2 (*) 
в”Ӯ   в”Ӯ   в””в”Җв”Җв”Җzlib@1.3.1.bcr.5 
в”Ӯ   в”Ӯ       в”ңв”Җв”Җв”Җplatforms@1.1.0 (*) 
в”Ӯ   в”Ӯ       в”ңв”Җв”Җв”Җrules_cc@0.2.18 (*) 
в”Ӯ   в”Ӯ       в””в”Җв”Җв”Җrules_license@1.0.0 (*) 
в”Ӯ   в”ңв”Җв”Җв”Җrules_cc@0.2.18 
в”Ӯ   в”Ӯ   в”ңв”Җв”Җв”Җbazel_features@1.45.0 (*) 
в”Ӯ   в”Ӯ   в”ңв”Җв”Җв”Җbazel_skylib@1.9.0 (*) 
в”Ӯ   в”Ӯ   в”ңв”Җв”Җв”Җplatforms@1.1.0 (*) 
в”Ӯ   в”Ӯ   в””в”Җв”Җв”Җprotobuf@34.0.bcr.1 (*) 
в”Ӯ   в”ңв”Җв”Җв”Җrules_go@0.60.0 
в”Ӯ   в”Ӯ   в”ңв”Җв”Җв”Җgazelle@0.50.0 (cycle) 
в”Ӯ   в”Ӯ   в”ңв”Җв”Җв”Җbazel_features@1.45.0 (*) 
в”Ӯ   в”Ӯ   в”ңв”Җв”Җв”Җbazel_skylib@1.9.0 (*) 
в”Ӯ   в”Ӯ   в”ңв”Җв”Җв”Җplatforms@1.1.0 (*) 
в”Ӯ   в”Ӯ   в”ңв”Җв”Җв”Җprotobuf@34.0.bcr.1 (*) 
в”Ӯ   в”Ӯ   в”ңв”Җв”Җв”Җrules_cc@0.2.18 (*) 
в”Ӯ   в”Ӯ   в”ңв”Җв”Җв”Җrules_proto@7.1.0 (*) 
в”Ӯ   в”Ӯ   в””в”Җв”Җв”Җrules_shell@0.6.1 (*) 
в”Ӯ   в”ңв”Җв”Җв”Җrules_license@1.0.0 
в”Ӯ   в””в”Җв”Җв”Җrules_shell@0.6.1 
в”Ӯ       в”ңв”Җв”Җв”Җbazel_features@1.45.0 (*) 
в”Ӯ       в”ңв”Җв”Җв”Җbazel_skylib@1.9.0 (*) 
в”Ӯ       в””в”Җв”Җв”Җplatforms@1.1.0 (*) 
в”ңв”Җв”Җв”Җgazelle_py@0.8.6 
в”Ӯ   в”ңв”Җв”Җв”Җgazelle@0.50.0 (*) 
в”Ӯ   в”ңв”Җв”Җв”Җllvm@0.7.7 (*) 
в”Ӯ   в”ңв”Җв”Җв”Җprotobuf@34.0.bcr.1 (*) 
в”Ӯ   в”ңв”Җв”Җв”Җrules_go@0.60.0 (*) 
в”Ӯ   в”ңв”Җв”Җв”Җplatforms@1.1.0 
в”Ӯ   в”Ӯ   в”ңв”Җв”Җв”Җpackage_metadata@0.0.7 (*) 
в”Ӯ   в”Ӯ   в””в”Җв”Җв”Җrules_license@1.0.0 (*) 
в”Ӯ   в”ңв”Җв”Җв”Җrules_proto@7.1.0 
в”Ӯ   в”Ӯ   в”ңв”Җв”Җв”Җbazel_skylib@1.9.0 (*) 
в”Ӯ   в”Ӯ   в”ңв”Җв”Җв”Җprotobuf@34.0.bcr.1 (*) 
в”Ӯ   в”Ӯ   в”ңв”Җв”Җв”Җrules_cc@0.2.18 (*) 
в”Ӯ   в”Ӯ   в””в”Җв”Җв”Җrules_license@1.0.0 (*) 
в”Ӯ   в”ңв”Җв”Җв”Җrules_rs@0.0.73 
в”Ӯ   в”Ӯ   в”ңв”Җв”Җв”Җapple_support@1.24.2 (*) 
в”Ӯ   в”Ӯ   в”ңв”Җв”Җв”Җbazel_features@1.45.0 (*) 
в”Ӯ   в”Ӯ   в”ңв”Җв”Җв”Җbazel_lib@3.2.2 (*) 
в”Ӯ   в”Ӯ   в”ңв”Җв”Җв”Җbazel_skylib@1.9.0 (*) 
в”Ӯ   в”Ӯ   в”ңв”Җв”Җв”Җllvm@0.7.7 (*) 
в”Ӯ   в”Ӯ   в”ңв”Җв”Җв”Җpackage_metadata@0.0.7 (*) 
в”Ӯ   в”Ӯ   в”ңв”Җв”Җв”Җplatforms@1.1.0 (*) 
в”Ӯ   в”Ӯ   в”ңв”Җв”Җв”Җprotobuf@34.0.bcr.1 (*) 
в”Ӯ   в”Ӯ   в”ңв”Җв”Җв”Җrules_cc@0.2.18 (*) 
в”Ӯ   в”Ӯ   в”ңв”Җв”Җв”Җrules_proto@7.1.0 (*) 
в”Ӯ   в”Ӯ   в”ңв”Җв”Җв”Җrules_shell@0.6.1 (*) 
в”Ӯ   в”Ӯ   в””в”Җв”Җв”Җaspect_tools_telemetry@0.3.3 
в”Ӯ   в”Ӯ       в”ңв”Җв”Җв”Җbazel_lib@3.2.2 (*) 
в”Ӯ   в”Ӯ       в””в”Җв”Җв”Җbazel_skylib@1.9.0 (*) 
в”Ӯ   в””в”Җв”Җв”Җwith_cfg.bzl@0.14.6 
в”Ӯ       в”ңв”Җв”Җв”Җbazel_features@1.45.0 (*) 
в”Ӯ       в”ңв”Җв”Җв”Җbazel_skylib@1.9.0 (*) 
в”Ӯ       в”ңв”Җв”Җв”Җplatforms@1.1.0 (*) 
в”Ӯ       в”ңв”Җв”Җв”Җrules_cc@0.2.18 (*) 
в”Ӯ       в””в”Җв”Җв”Җrules_java@9.1.0 (*) 
в”ңв”Җв”Җв”Җllvm@0.7.7 
в”Ӯ   в”ңв”Җв”Җв”Җbazel_features@1.45.0 (*) 
в”Ӯ   в”ңв”Җв”Җв”Җbazel_skylib@1.9.0 (*) 
в”Ӯ   в”ңв”Җв”Җв”Җplatforms@1.1.0 (*) 
в”Ӯ   в”ңв”Җв”Җв”Җrules_cc@0.2.18 (*) 
в”Ӯ   в”ңв”Җв”Җв”Җrules_python@2.0.2 (*) 
в”Ӯ   в”ңв”Җв”Җв”Җrules_shell@0.6.1 (*) 
в”Ӯ   в”ңв”Җв”Җв”Җwith_cfg.bzl@0.14.6 (*) 
в”Ӯ   в”ңв”Җв”Җв”Җbazel_lib@3.2.2 
в”Ӯ   в”Ӯ   в”ңв”Җв”Җв”Җbazel_features@1.45.0 (*) 
в”Ӯ   в”Ӯ   в”ңв”Җв”Җв”Җbazel_skylib@1.9.0 (*) 
в”Ӯ   в”Ӯ   в”ңв”Җв”Җв”Җplatforms@1.1.0 (*) 
в”Ӯ   в”Ӯ   в””в”Җв”Җв”Җrules_shell@0.6.1 (*) 
в”Ӯ   в””в”Җв”Җв”Җtar.bzl@0.9.0 
в”Ӯ       в”ңв”Җв”Җв”Җbazel_features@1.45.0 (*) 
в”Ӯ       в”ңв”Җв”Җв”Җbazel_lib@3.2.2 (*) 
в”Ӯ       в”ңв”Җв”Җв”Җbazel_skylib@1.9.0 (*) 
в”Ӯ       в”ңв”Җв”Җв”Җplatforms@1.1.0 (*) 
в”Ӯ       в””в”Җв”Җв”Җgawk@5.3.2.bcr.3 
в”Ӯ           в”ңв”Җв”Җв”Җbazel_skylib@1.9.0 (*) 
в”Ӯ           в”ңв”Җв”Җв”Җplatforms@1.1.0 (*) 
в”Ӯ           в””в”Җв”Җв”Җrules_cc@0.2.18 (*) 
в””в”Җв”Җв”Җrules_python@2.0.2 
    в”ңв”Җв”Җв”Җbazel_features@1.45.0 (*) 
    в”ңв”Җв”Җв”Җbazel_skylib@1.9.0 (*) 
    в”ңв”Җв”Җв”Җplatforms@1.1.0 (*) 
    в”ңв”Җв”Җв”Җprotobuf@34.0.bcr.1 (*) 
    в””в”Җв”Җв”Җrules_cc@0.2.18 (*) 

