<root> (typescript@0.0.0)
в”њв”Ђв”Ђв”Ђaspect_gazelle_js@1.1.0 
в”‚   в”њв”Ђв”Ђв”Ђgazelle@0.51.3 (*) 
в”‚   в”њв”Ђв”Ђв”Ђllvm@0.8.3 (*) 
в”‚   в”њв”Ђв”Ђв”Ђrules_go@0.60.0 (*) 
в”‚   в”њв”Ђв”Ђв”Ђbazel_lib@3.2.2 
в”‚   в”‚   в”њв”Ђв”Ђв”Ђbazel_features@1.45.0 (*) 
в”‚   в”‚   в”њв”Ђв”Ђв”Ђbazel_skylib@1.9.0 (*) 
в”‚   в”‚   в”њв”Ђв”Ђв”Ђplatforms@1.1.0 (*) 
в”‚   в”‚   в””в”Ђв”Ђв”Ђrules_shell@0.6.1 (*) 
в”‚   в”њв”Ђв”Ђв”Ђrules_rs@0.0.83 
в”‚   в”‚   в”њв”Ђв”Ђв”Ђaspect_tools_telemetry@0.3.3 (*) 
в”‚   в”‚   в”њв”Ђв”Ђв”Ђbazel_features@1.45.0 (*) 
в”‚   в”‚   в”њв”Ђв”Ђв”Ђbazel_lib@3.2.2 (*) 
в”‚   в”‚   в”њв”Ђв”Ђв”Ђbazel_skylib@1.9.0 (*) 
в”‚   в”‚   в”њв”Ђв”Ђв”Ђllvm@0.8.3 (*) 
в”‚   в”‚   в”њв”Ђв”Ђв”Ђpackage_metadata@0.0.7 (*) 
в”‚   в”‚   в”њв”Ђв”Ђв”Ђplatforms@1.1.0 (*) 
в”‚   в”‚   в”њв”Ђв”Ђв”Ђprotobuf@34.0.bcr.1 (*) 
в”‚   в”‚   в”њв”Ђв”Ђв”Ђrules_cc@0.2.18 (*) 
в”‚   в”‚   в”њв”Ђв”Ђв”Ђrules_proto@7.1.0 (*) 
в”‚   в”‚   в”њв”Ђв”Ђв”Ђrules_python@1.7.0 (*) 
в”‚   в”‚   в”њв”Ђв”Ђв”Ђrules_shell@0.6.1 (*) 
в”‚   в”‚   в”њв”Ђв”Ђв”Ђapple_support@1.24.2 
в”‚   в”‚   в”‚   в”њв”Ђв”Ђв”Ђbazel_features@1.45.0 (*) 
в”‚   в”‚   в”‚   в”њв”Ђв”Ђв”Ђbazel_skylib@1.9.0 (*) 
в”‚   в”‚   в”‚   в”њв”Ђв”Ђв”Ђplatforms@1.1.0 (*) 
в”‚   в”‚   в”‚   в””в”Ђв”Ђв”Ђrules_cc@0.2.18 (*) 
в”‚   в”‚   в””в”Ђв”Ђв”Ђhermetic_launcher@0.0.8 
в”‚   в”‚       в”њв”Ђв”Ђв”Ђbazel_lib@3.2.2 (*) 
в”‚   в”‚       в”њв”Ђв”Ђв”Ђbazel_skylib@1.9.0 (*) 
в”‚   в”‚       в”њв”Ђв”Ђв”Ђplatforms@1.1.0 (*) 
в”‚   в”‚       в”њв”Ђв”Ђв”Ђbzip2@1.0.8.bcr.3 
в”‚   в”‚       в”‚   в””в”Ђв”Ђв”Ђrules_cc@0.2.18 (*) 
в”‚   в”‚       в””в”Ђв”Ђв”Ђxz@5.4.5.bcr.8 
в”‚   в”‚           в”њв”Ђв”Ђв”Ђbazel_skylib@1.9.0 (*) 
в”‚   в”‚           в”њв”Ђв”Ђв”Ђplatforms@1.1.0 (*) 
в”‚   в”‚           в””в”Ђв”Ђв”Ђrules_cc@0.2.18 (*) 
в”‚   в””в”Ђв”Ђв”Ђwith_cfg.bzl@0.14.6 
в”‚       в”њв”Ђв”Ђв”Ђbazel_features@1.45.0 (*) 
в”‚       в”њв”Ђв”Ђв”Ђbazel_skylib@1.9.0 (*) 
в”‚       в”њв”Ђв”Ђв”Ђplatforms@1.1.0 (*) 
в”‚       в”њв”Ђв”Ђв”Ђrules_cc@0.2.18 (*) 
в”‚       в””в”Ђв”Ђв”Ђrules_java@9.1.0 
в”‚           в”њв”Ђв”Ђв”Ђabseil-cpp@20250814.1 (*) 
в”‚           в”њв”Ђв”Ђв”Ђbazel_features@1.45.0 (*) 
в”‚           в”њв”Ђв”Ђв”Ђbazel_skylib@1.9.0 (*) 
в”‚           в”њв”Ђв”Ђв”Ђplatforms@1.1.0 (*) 
в”‚           в”њв”Ђв”Ђв”Ђprotobuf@34.0.bcr.1 (*) 
в”‚           в”њв”Ђв”Ђв”Ђrules_cc@0.2.18 (*) 
в”‚           в”њв”Ђв”Ђв”Ђrules_license@1.0.0 (*) 
в”‚           в””в”Ђв”Ђв”Ђzlib@1.3.1.bcr.5 (*) 
в”њв”Ђв”Ђв”Ђaspect_rules_js@3.2.2 
в”‚   в”њв”Ђв”Ђв”Ђbazel_lib@3.2.2 (*) 
в”‚   в”њв”Ђв”Ђв”Ђbazel_skylib@1.9.0 (*) 
в”‚   в”њв”Ђв”Ђв”Ђplatforms@1.1.0 (*) 
в”‚   в”њв”Ђв”Ђв”Ђrules_nodejs@6.7.3 (*) 
в”‚   в”њв”Ђв”Ђв”Ђaspect_tools_telemetry@0.3.3 
в”‚   в”‚   в”њв”Ђв”Ђв”Ђbazel_lib@3.2.2 (*) 
в”‚   в”‚   в””в”Ђв”Ђв”Ђbazel_skylib@1.9.0 (*) 
в”‚   в”њв”Ђв”Ђв”Ђbazel_features@1.45.0 
в”‚   в”‚   в””в”Ђв”Ђв”Ђbazel_skylib@1.9.0 (*) 
в”‚   в”њв”Ђв”Ђв”Ђjq.bzl@0.4.0 
в”‚   в”‚   в”њв”Ђв”Ђв”Ђbazel_lib@3.2.2 (*) 
в”‚   в”‚   в”њв”Ђв”Ђв”Ђpackage_metadata@0.0.7 (*) 
в”‚   в”‚   в””в”Ђв”Ђв”Ђplatforms@1.1.0 (*) 
в”‚   в”њв”Ђв”Ђв”Ђprotobuf@34.0.bcr.1 
в”‚   в”‚   в”њв”Ђв”Ђв”Ђapple_support@1.24.2 (*) 
в”‚   в”‚   в”њв”Ђв”Ђв”Ђbazel_features@1.45.0 (*) 
в”‚   в”‚   в”њв”Ђв”Ђв”Ђbazel_skylib@1.9.0 (*) 
в”‚   в”‚   в”њв”Ђв”Ђв”Ђplatforms@1.1.0 (*) 
в”‚   в”‚   в”њв”Ђв”Ђв”Ђrules_cc@0.2.18 (*) 
в”‚   в”‚   в”њв”Ђв”Ђв”Ђrules_java@9.1.0 (*) 
в”‚   в”‚   в”њв”Ђв”Ђв”Ђrules_license@1.0.0 (*) 
в”‚   в”‚   в”њв”Ђв”Ђв”Ђrules_python@1.7.0 (*) 
в”‚   в”‚   в”њв”Ђв”Ђв”Ђrules_shell@0.6.1 (*) 
в”‚   в”‚   в”њв”Ђв”Ђв”Ђabseil-cpp@20250814.1 
в”‚   в”‚   в”‚   в”њв”Ђв”Ђв”Ђbazel_skylib@1.9.0 (*) 
в”‚   в”‚   в”‚   в”њв”Ђв”Ђв”Ђplatforms@1.1.0 (*) 
в”‚   в”‚   в”‚   в”њв”Ђв”Ђв”Ђrules_cc@0.2.18 (*) 
в”‚   в”‚   в”‚   в””в”Ђв”Ђв”Ђgoogletest@1.17.0 
в”‚   в”‚   в”‚       в”њв”Ђв”Ђв”Ђabseil-cpp@20250814.1 (cycle) 
в”‚   в”‚   в”‚       в”њв”Ђв”Ђв”Ђplatforms@1.1.0 (*) 
в”‚   в”‚   в”‚       в””в”Ђв”Ђв”Ђre2@2024-07-02.bcr.1 (*) 
в”‚   в”‚   в”њв”Ђв”Ђв”Ђjsoncpp@1.9.6 
в”‚   в”‚   в”њв”Ђв”Ђв”Ђre2@2024-07-02.bcr.1 
в”‚   в”‚   в”‚   в”њв”Ђв”Ђв”Ђabseil-cpp@20250814.1 (*) 
в”‚   в”‚   в”‚   в”њв”Ђв”Ђв”Ђapple_support@1.24.2 (*) 
в”‚   в”‚   в”‚   в”њв”Ђв”Ђв”Ђplatforms@1.1.0 (*) 
в”‚   в”‚   в”‚   в”њв”Ђв”Ђв”Ђrules_cc@0.2.18 (*) 
в”‚   в”‚   в”‚   в”њв”Ђв”Ђв”Ђrules_python@1.7.0 (*) 
в”‚   в”‚   в”‚   в””в”Ђв”Ђв”Ђpybind11_bazel@2.12.0 
в”‚   в”‚   в”‚       в”њв”Ђв”Ђв”Ђbazel_skylib@1.9.0 (*) 
в”‚   в”‚   в”‚       в”њв”Ђв”Ђв”Ђplatforms@1.1.0 (*) 
в”‚   в”‚   в”‚       в”њв”Ђв”Ђв”Ђrules_cc@0.2.18 (*) 
в”‚   в”‚   в”‚       в””в”Ђв”Ђв”Ђrules_python@1.7.0 (*) 
в”‚   в”‚   в”њв”Ђв”Ђв”Ђrules_jvm_external@6.7 
в”‚   в”‚   в”‚   в”њв”Ђв”Ђв”Ђbazel_features@1.45.0 (*) 
в”‚   в”‚   в”‚   в”њв”Ђв”Ђв”Ђbazel_skylib@1.9.0 (*) 
в”‚   в”‚   в”‚   в”њв”Ђв”Ђв”Ђplatforms@1.1.0 (*) 
в”‚   в”‚   в”‚   в”њв”Ђв”Ђв”Ђrules_java@9.1.0 (*) 
в”‚   в”‚   в”‚   в”њв”Ђв”Ђв”Ђrules_kotlin@1.9.6 (*) 
в”‚   в”‚   в”‚   в”њв”Ђв”Ђв”Ђrules_license@1.0.0 (*) 
в”‚   в”‚   в”‚   в”њв”Ђв”Ђв”Ђrules_shell@0.6.1 (*) 
в”‚   в”‚   в”‚   в””в”Ђв”Ђв”Ђrules_android@0.1.1 
в”‚   в”‚   в”њв”Ђв”Ђв”Ђrules_kotlin@1.9.6 
в”‚   в”‚   в”‚   в”њв”Ђв”Ђв”Ђbazel_skylib@1.9.0 (*) 
в”‚   в”‚   в”‚   в”њв”Ђв”Ђв”Ђplatforms@1.1.0 (*) 
в”‚   в”‚   в”‚   в”њв”Ђв”Ђв”Ђrules_cc@0.2.18 (*) 
в”‚   в”‚   в”‚   в”њв”Ђв”Ђв”Ђrules_java@9.1.0 (*) 
в”‚   в”‚   в”‚   в”њв”Ђв”Ђв”Ђrules_proto@7.1.0 (*) 
в”‚   в”‚   в”‚   в””в”Ђв”Ђв”Ђrules_python@1.7.0 (*) 
в”‚   в”‚   в”њв”Ђв”Ђв”Ђrules_pkg@1.0.1 
в”‚   в”‚   в”‚   в”њв”Ђв”Ђв”Ђbazel_skylib@1.9.0 (*) 
в”‚   в”‚   в”‚   в”њв”Ђв”Ђв”Ђrules_license@1.0.0 (*) 
в”‚   в”‚   в”‚   в””в”Ђв”Ђв”Ђrules_python@1.7.0 (*) 
в”‚   в”‚   в””в”Ђв”Ђв”Ђzlib@1.3.1.bcr.5 
в”‚   в”‚       в”њв”Ђв”Ђв”Ђplatforms@1.1.0 (*) 
в”‚   в”‚       в”њв”Ђв”Ђв”Ђrules_cc@0.2.18 (*) 
в”‚   в”‚       в””в”Ђв”Ђв”Ђrules_license@1.0.0 (*) 
в”‚   в”њв”Ђв”Ђв”Ђtar.bzl@0.10.4 
в”‚   в”‚   в”њв”Ђв”Ђв”Ђbazel_features@1.45.0 (*) 
в”‚   в”‚   в”њв”Ђв”Ђв”Ђbazel_lib@3.2.2 (*) 
в”‚   в”‚   в”њв”Ђв”Ђв”Ђbazel_skylib@1.9.0 (*) 
в”‚   в”‚   в”њв”Ђв”Ђв”Ђplatforms@1.1.0 (*) 
в”‚   в”‚   в””в”Ђв”Ђв”Ђgawk@5.3.2.bcr.3 
в”‚   в”‚       в”њв”Ђв”Ђв”Ђbazel_skylib@1.9.0 (*) 
в”‚   в”‚       в”њв”Ђв”Ђв”Ђplatforms@1.1.0 (*) 
в”‚   в”‚       в””в”Ђв”Ђв”Ђrules_cc@0.2.18 (*) 
в”‚   в””в”Ђв”Ђв”Ђyq.bzl@0.3.4 
в”‚       в”њв”Ђв”Ђв”Ђbazel_lib@3.2.2 (*) 
в”‚       в”њв”Ђв”Ђв”Ђbazel_skylib@1.9.0 (*) 
в”‚       в”њв”Ђв”Ђв”Ђpackage_metadata@0.0.7 (*) 
в”‚       в””в”Ђв”Ђв”Ђplatforms@1.1.0 (*) 
в”њв”Ђв”Ђв”Ђaspect_rules_ts@3.8.11 
в”‚   в”њв”Ђв”Ђв”Ђaspect_rules_js@3.2.2 (*) 
в”‚   в”њв”Ђв”Ђв”Ђaspect_tools_telemetry@0.3.3 (*) 
в”‚   в”њв”Ђв”Ђв”Ђbazel_skylib@1.9.0 (*) 
в”‚   в”њв”Ђв”Ђв”Ђplatforms@1.1.0 (*) 
в”‚   в”њв”Ђв”Ђв”Ђprotobuf@34.0.bcr.1 (*) 
в”‚   в”њв”Ђв”Ђв”Ђaspect_bazel_lib@2.22.5 
в”‚   в”‚   в”њв”Ђв”Ђв”Ђbazel_features@1.45.0 (*) 
в”‚   в”‚   в”њв”Ђв”Ђв”Ђbazel_lib@3.2.2 (*) 
в”‚   в”‚   в”њв”Ђв”Ђв”Ђbazel_skylib@1.9.0 (*) 
в”‚   в”‚   в”њв”Ђв”Ђв”Ђjq.bzl@0.4.0 (*) 
в”‚   в”‚   в”њв”Ђв”Ђв”Ђplatforms@1.1.0 (*) 
в”‚   в”‚   в”њв”Ђв”Ђв”Ђrules_shell@0.6.1 (*) 
в”‚   в”‚   в”њв”Ђв”Ђв”Ђtar.bzl@0.10.4 (*) 
в”‚   в”‚   в”њв”Ђв”Ђв”Ђyq.bzl@0.3.4 (*) 
в”‚   в”‚   в””в”Ђв”Ђв”Ђstardoc@0.7.2 
в”‚   в”‚       в”њв”Ђв”Ђв”Ђbazel_skylib@1.9.0 (*) 
в”‚   в”‚       в”њв”Ђв”Ђв”Ђprotobuf@34.0.bcr.1 (*) 
в”‚   в”‚       в”њв”Ђв”Ђв”Ђrules_java@9.1.0 (*) 
в”‚   в”‚       в”њв”Ђв”Ђв”Ђrules_jvm_external@6.7 (*) 
в”‚   в”‚       в””в”Ђв”Ђв”Ђrules_license@1.0.0 (*) 
в”‚   в””в”Ђв”Ђв”Ђrules_proto@7.1.0 
в”‚       в”њв”Ђв”Ђв”Ђbazel_skylib@1.9.0 (*) 
в”‚       в”њв”Ђв”Ђв”Ђprotobuf@34.0.bcr.1 (*) 
в”‚       в”њв”Ђв”Ђв”Ђrules_cc@0.2.18 (*) 
в”‚       в””в”Ђв”Ђв”Ђrules_license@1.0.0 (*) 
в”њв”Ђв”Ђв”Ђbazel_skylib@1.9.0 
в”‚   в”њв”Ђв”Ђв”Ђplatforms@1.1.0 (*) 
в”‚   в””в”Ђв”Ђв”Ђrules_license@1.0.0 
в”њв”Ђв”Ђв”Ђgazelle@0.51.3 
в”‚   в”њв”Ђв”Ђв”Ђbazel_features@1.45.0 (*) 
в”‚   в”њв”Ђв”Ђв”Ђbazel_skylib@1.9.0 (*) 
в”‚   в”њв”Ђв”Ђв”Ђprotobuf@34.0.bcr.1 (*) 
в”‚   в”њв”Ђв”Ђв”Ђrules_go@0.60.0 (*) 
в”‚   в”њв”Ђв”Ђв”Ђrules_license@1.0.0 (*) 
в”‚   в”њв”Ђв”Ђв”Ђpackage_metadata@0.0.7 
в”‚   в”њв”Ђв”Ђв”Ђrules_cc@0.2.18 
в”‚   в”‚   в”њв”Ђв”Ђв”Ђbazel_features@1.45.0 (*) 
в”‚   в”‚   в”њв”Ђв”Ђв”Ђbazel_skylib@1.9.0 (*) 
в”‚   в”‚   в”њв”Ђв”Ђв”Ђplatforms@1.1.0 (*) 
в”‚   в”‚   в””в”Ђв”Ђв”Ђprotobuf@34.0.bcr.1 (*) 
в”‚   в””в”Ђв”Ђв”Ђrules_shell@0.6.1 
в”‚       в”њв”Ђв”Ђв”Ђbazel_features@1.45.0 (*) 
в”‚       в”њв”Ђв”Ђв”Ђbazel_skylib@1.9.0 (*) 
в”‚       в””в”Ђв”Ђв”Ђplatforms@1.1.0 (*) 
в”њв”Ђв”Ђв”Ђllvm@0.8.3 
в”‚   в”њв”Ђв”Ђв”Ђbazel_features@1.45.0 (*) 
в”‚   в”њв”Ђв”Ђв”Ђbazel_lib@3.2.2 (*) 
в”‚   в”њв”Ђв”Ђв”Ђbazel_skylib@1.9.0 (*) 
в”‚   в”њв”Ђв”Ђв”Ђplatforms@1.1.0 (*) 
в”‚   в”њв”Ђв”Ђв”Ђrules_cc@0.2.18 (*) 
в”‚   в”њв”Ђв”Ђв”Ђrules_shell@0.6.1 (*) 
в”‚   в”њв”Ђв”Ђв”Ђtar.bzl@0.10.4 (*) 
в”‚   в”њв”Ђв”Ђв”Ђwith_cfg.bzl@0.14.6 (*) 
в”‚   в””в”Ђв”Ђв”Ђrules_python@1.7.0 
в”‚       в”њв”Ђв”Ђв”Ђbazel_features@1.45.0 (*) 
в”‚       в”њв”Ђв”Ђв”Ђbazel_skylib@1.9.0 (*) 
в”‚       в”њв”Ђв”Ђв”Ђplatforms@1.1.0 (*) 
в”‚       в”њв”Ђв”Ђв”Ђprotobuf@34.0.bcr.1 (*) 
в”‚       в”њв”Ђв”Ђв”Ђrules_cc@0.2.18 (*) 
в”‚       в””в”Ђв”Ђв”Ђstardoc@0.7.2 (*) 
в”њв”Ђв”Ђв”Ђplatforms@1.1.0 
в”‚   в”њв”Ђв”Ђв”Ђpackage_metadata@0.0.7 (*) 
в”‚   в””в”Ђв”Ђв”Ђrules_license@1.0.0 (*) 
в”њв”Ђв”Ђв”Ђrules_go@0.60.0 
в”‚   в”њв”Ђв”Ђв”Ђbazel_features@1.45.0 (*) 
в”‚   в”њв”Ђв”Ђв”Ђbazel_skylib@1.9.0 (*) 
в”‚   в”њв”Ђв”Ђв”Ђgazelle@0.51.3 (*) 
в”‚   в”њв”Ђв”Ђв”Ђplatforms@1.1.0 (*) 
в”‚   в”њв”Ђв”Ђв”Ђprotobuf@34.0.bcr.1 (*) 
в”‚   в”њв”Ђв”Ђв”Ђrules_cc@0.2.18 (*) 
в”‚   в”њв”Ђв”Ђв”Ђrules_proto@7.1.0 (*) 
в”‚   в””в”Ђв”Ђв”Ђrules_shell@0.6.1 (*) 
в””в”Ђв”Ђв”Ђrules_nodejs@6.7.3 
    в”њв”Ђв”Ђв”Ђbazel_features@1.45.0 (*) 
    в”њв”Ђв”Ђв”Ђbazel_lib@3.2.2 (*) 
    в”њв”Ђв”Ђв”Ђbazel_skylib@1.9.0 (*) 
    в”њв”Ђв”Ђв”Ђplatforms@1.1.0 (*) 
    в””в”Ђв”Ђв”Ђrules_cc@0.2.18 (*) 

