//:all_srcs
//:zlib
@bazel_tools//tools/cpp:current_cc_toolchain
@bazel_tools//tools/cpp:toolchain_type
@platforms//cpu:aarch64
@platforms//cpu:ppc64le
@platforms//cpu:s390x
@platforms//cpu:wasm32
@platforms//cpu:wasm64
@platforms//cpu:x86_64
@platforms//os:android
@platforms//os:emscripten
@platforms//os:freebsd
@platforms//os:ios
@platforms//os:linux
@platforms//os:macos
@platforms//os:none
@platforms//os:openbsd
@platforms//os:qnx
@platforms//os:tvos
@platforms//os:wasi
@platforms//os:watchos
@platforms//os:windows
@rules_foreign_cc//foreign_cc/private/framework:platform_info
@rules_foreign_cc//foreign_cc/private/framework:shell_toolchain
@rules_foreign_cc//toolchains:cmake_toolchain
@rules_foreign_cc//toolchains:m4_toolchain
@rules_foreign_cc//toolchains:make_toolchain
@rules_foreign_cc//toolchains:ninja_toolchain
@rules_foreign_cc//toolchains:pkgconfig_toolchain
